Loading vocab...
token_vocab: 3525, post_vocab: 168, pos_vocab: 46, dep_vocab: 41, pol_vocab: 3
cuda memory allocated: 1841516544
n_trainable_params: 211923, n_nontrainable_params: 1057200
training arguments:
>>> model_name: dualgcn
>>> dataset: laptop
>>> optimizer: <class 'torch.optim.adam.Adam'>
>>> initializer: <function xavier_uniform_ at 0x7fe335a28940>
>>> learning_rate: 0.002
>>> l2reg: 0.0001
>>> num_epoch: 50
>>> batch_size: 16
>>> log_step: 5
>>> embed_dim: 300
>>> post_dim: 30
>>> pos_dim: 30
>>> hidden_dim: 50
>>> num_layers: 2
>>> polarities_dim: 3
>>> input_dropout: 0.7
>>> gcn_dropout: 0.1
>>> lower: True
>>> direct: False
>>> loop: True
>>> bidirect: True
>>> rnn_hidden: 50
>>> rnn_layers: 1
>>> rnn_dropout: 0.1
>>> attention_heads: 1
>>> max_length: 85
>>> device: cuda:0
>>> seed: 1000
>>> weight_decay: 0.0
>>> vocab_dir: ./DualGCN/dataset/Laptops_corenlp
>>> pad_id: 0
>>> parseadj: True
>>> parsehead: False
>>> cuda: 0
>>> losstype: doubleloss
>>> alpha: 0.2
>>> beta: 0.2
>>> pretrained_bert_name: bert-base-uncased
>>> adam_epsilon: 1e-08
>>> bert_dim: 768
>>> bert_dropout: 0.3
>>> diff_lr: False
>>> bert_lr: 2e-05
>>> model_class: <class 'models.dualgcn.DualGCNClassifier'>
>>> dataset_file: {'train': './DualGCN/dataset/Laptops_corenlp/train.json', 'test': './DualGCN/dataset/Laptops_corenlp/test.json'}
>>> inputs_cols: ['text', 'aspect', 'pos', 'head', 'deprel', 'post', 'mask', 'length', 'adj']
>>> post_size: 168
>>> pos_size: 46
>>>>>>>>>>>>>>>>>>>>>>>>>>>>>>>>>>>>>>>>>>>>>>>>>>>>>>>>>>>>
epoch: 0
>> saved: ./DualGCN/state_dict/dualgcn_laptop_acc_0.5016_f1_0.2952
loss: 1.4449, acc: 0.3125, test_acc: 0.5016, f1: 0.2952
loss: 1.2848, acc: 0.4062, test_acc: 0.4889, f1: 0.3307
>> saved: ./DualGCN/state_dict/dualgcn_laptop_acc_0.5111_f1_0.3334
loss: 1.2643, acc: 0.4792, test_acc: 0.5111, f1: 0.3334
>> saved: ./DualGCN/state_dict/dualgcn_laptop_acc_0.5348_f1_0.2878
loss: 1.2783, acc: 0.4844, test_acc: 0.5348, f1: 0.2878
>> saved: ./DualGCN/state_dict/dualgcn_laptop_acc_0.5411_f1_0.2625
loss: 1.4334, acc: 0.4625, test_acc: 0.5411, f1: 0.2625
loss: 1.2582, acc: 0.4583, test_acc: 0.5364, f1: 0.2474
loss: 1.4222, acc: 0.4464, test_acc: 0.5348, f1: 0.2373
loss: 1.1658, acc: 0.4609, test_acc: 0.5411, f1: 0.3559
loss: 1.1807, acc: 0.4722, test_acc: 0.4668, f1: 0.3438
>> saved: ./DualGCN/state_dict/dualgcn_laptop_acc_0.5601_f1_0.3578
loss: 1.2879, acc: 0.4625, test_acc: 0.5601, f1: 0.3578
loss: 1.0395, acc: 0.4886, test_acc: 0.4858, f1: 0.3628
>> saved: ./DualGCN/state_dict/dualgcn_laptop_acc_0.5680_f1_0.4032
loss: 1.8651, acc: 0.4792, test_acc: 0.5680, f1: 0.4032
loss: 1.3887, acc: 0.4663, test_acc: 0.5506, f1: 0.2901
loss: 1.4939, acc: 0.4420, test_acc: 0.5427, f1: 0.2674
loss: 1.2238, acc: 0.4458, test_acc: 0.5538, f1: 0.3045
loss: 1.3223, acc: 0.4492, test_acc: 0.5633, f1: 0.3349
loss: 1.2346, acc: 0.4559, test_acc: 0.5617, f1: 0.3482
loss: 1.2330, acc: 0.4618, test_acc: 0.5601, f1: 0.3684
>> saved: ./DualGCN/state_dict/dualgcn_laptop_acc_0.5712_f1_0.3920
loss: 1.1834, acc: 0.4704, test_acc: 0.5712, f1: 0.3920
>> saved: ./DualGCN/state_dict/dualgcn_laptop_acc_0.5728_f1_0.4086
loss: 1.2618, acc: 0.4750, test_acc: 0.5728, f1: 0.4086
loss: 1.6311, acc: 0.4792, test_acc: 0.5712, f1: 0.3899
loss: 1.2910, acc: 0.4858, test_acc: 0.4130, f1: 0.3378
loss: 1.3288, acc: 0.4810, test_acc: 0.5649, f1: 0.4112
>> saved: ./DualGCN/state_dict/dualgcn_laptop_acc_0.5823_f1_0.3742
loss: 1.4713, acc: 0.4740, test_acc: 0.5823, f1: 0.3742
loss: 1.3518, acc: 0.4750, test_acc: 0.5759, f1: 0.3594
loss: 1.0834, acc: 0.4808, test_acc: 0.5696, f1: 0.3424
loss: 1.1108, acc: 0.4815, test_acc: 0.5807, f1: 0.3696
>> saved: ./DualGCN/state_dict/dualgcn_laptop_acc_0.5981_f1_0.4181
loss: 1.0223, acc: 0.4866, test_acc: 0.5981, f1: 0.4181
>>>>>>>>>>>>>>>>>>>>>>>>>>>>>>>>>>>>>>>>>>>>>>>>>>>>>>>>>>>>
epoch: 1
>> saved: ./DualGCN/state_dict/dualgcn_laptop_acc_0.6044_f1_0.4481
loss: 1.3277, acc: 0.3750, test_acc: 0.6044, f1: 0.4481
loss: 1.1867, acc: 0.4688, test_acc: 0.5981, f1: 0.4643
>> saved: ./DualGCN/state_dict/dualgcn_laptop_acc_0.6266_f1_0.4970
loss: 0.9335, acc: 0.5208, test_acc: 0.6266, f1: 0.4970
loss: 1.0002, acc: 0.5781, test_acc: 0.5728, f1: 0.4758
loss: 1.1023, acc: 0.6000, test_acc: 0.5332, f1: 0.4374
loss: 1.3240, acc: 0.6042, test_acc: 0.6123, f1: 0.4648
loss: 1.0346, acc: 0.6250, test_acc: 0.6123, f1: 0.4690
loss: 1.1125, acc: 0.6172, test_acc: 0.5775, f1: 0.4683
loss: 1.1967, acc: 0.6111, test_acc: 0.6060, f1: 0.5024
>> saved: ./DualGCN/state_dict/dualgcn_laptop_acc_0.6329_f1_0.5121
loss: 0.8918, acc: 0.6312, test_acc: 0.6329, f1: 0.5121
loss: 1.2018, acc: 0.6364, test_acc: 0.6250, f1: 0.4911
>> saved: ./DualGCN/state_dict/dualgcn_laptop_acc_0.6503_f1_0.5375
loss: 1.1381, acc: 0.6354, test_acc: 0.6503, f1: 0.5375
loss: 0.8142, acc: 0.6538, test_acc: 0.5918, f1: 0.5073
loss: 1.0783, acc: 0.6562, test_acc: 0.6155, f1: 0.5489
>> saved: ./DualGCN/state_dict/dualgcn_laptop_acc_0.6535_f1_0.5941
loss: 1.0365, acc: 0.6583, test_acc: 0.6535, f1: 0.5941
>> saved: ./DualGCN/state_dict/dualgcn_laptop_acc_0.6709_f1_0.5997
loss: 1.2323, acc: 0.6484, test_acc: 0.6709, f1: 0.5997
loss: 1.0634, acc: 0.6471, test_acc: 0.6535, f1: 0.5888
loss: 1.0503, acc: 0.6458, test_acc: 0.6535, f1: 0.5894
loss: 1.0664, acc: 0.6480, test_acc: 0.6551, f1: 0.5773
loss: 0.9584, acc: 0.6469, test_acc: 0.6535, f1: 0.5534
loss: 0.9190, acc: 0.6458, test_acc: 0.6661, f1: 0.5711
loss: 1.4628, acc: 0.6392, test_acc: 0.6440, f1: 0.5811
loss: 1.0049, acc: 0.6440, test_acc: 0.6630, f1: 0.5916
loss: 1.1943, acc: 0.6458, test_acc: 0.6630, f1: 0.5589
loss: 0.9499, acc: 0.6500, test_acc: 0.6408, f1: 0.5192
loss: 1.1664, acc: 0.6466, test_acc: 0.6503, f1: 0.5293
loss: 1.0065, acc: 0.6481, test_acc: 0.6598, f1: 0.5415
loss: 0.9439, acc: 0.6518, test_acc: 0.6487, f1: 0.5304
loss: 1.0072, acc: 0.6509, test_acc: 0.6630, f1: 0.5618
>>>>>>>>>>>>>>>>>>>>>>>>>>>>>>>>>>>>>>>>>>>>>>>>>>>>>>>>>>>>
epoch: 2
loss: 0.8400, acc: 0.8125, test_acc: 0.6709, f1: 0.5838
>> saved: ./DualGCN/state_dict/dualgcn_laptop_acc_0.6725_f1_0.5763
loss: 0.9754, acc: 0.7500, test_acc: 0.6725, f1: 0.5763
loss: 1.2439, acc: 0.6875, test_acc: 0.6677, f1: 0.5658
loss: 0.9732, acc: 0.6875, test_acc: 0.6677, f1: 0.5720
>> saved: ./DualGCN/state_dict/dualgcn_laptop_acc_0.6851_f1_0.6028
loss: 1.1473, acc: 0.6750, test_acc: 0.6851, f1: 0.6028
>> saved: ./DualGCN/state_dict/dualgcn_laptop_acc_0.6867_f1_0.5980
loss: 1.0074, acc: 0.6771, test_acc: 0.6867, f1: 0.5980
loss: 1.4909, acc: 0.6607, test_acc: 0.6725, f1: 0.5896
loss: 0.9058, acc: 0.6562, test_acc: 0.6551, f1: 0.5976
loss: 0.7047, acc: 0.6736, test_acc: 0.6630, f1: 0.6101
loss: 1.1856, acc: 0.6750, test_acc: 0.6867, f1: 0.6160
>> saved: ./DualGCN/state_dict/dualgcn_laptop_acc_0.6883_f1_0.6110
loss: 1.3009, acc: 0.6761, test_acc: 0.6883, f1: 0.6110
>> saved: ./DualGCN/state_dict/dualgcn_laptop_acc_0.6946_f1_0.6268
loss: 1.1453, acc: 0.6719, test_acc: 0.6946, f1: 0.6268
loss: 1.0305, acc: 0.6731, test_acc: 0.6725, f1: 0.5871
loss: 0.9687, acc: 0.6830, test_acc: 0.6772, f1: 0.5776
loss: 1.0083, acc: 0.6833, test_acc: 0.6693, f1: 0.5776
loss: 1.3104, acc: 0.6797, test_acc: 0.6646, f1: 0.5722
loss: 1.3382, acc: 0.6654, test_acc: 0.6883, f1: 0.6159
loss: 0.7409, acc: 0.6736, test_acc: 0.6772, f1: 0.5941
loss: 0.9803, acc: 0.6776, test_acc: 0.6851, f1: 0.6282
loss: 1.0640, acc: 0.6750, test_acc: 0.6851, f1: 0.6102
loss: 0.9889, acc: 0.6756, test_acc: 0.6741, f1: 0.5923
loss: 1.3120, acc: 0.6676, test_acc: 0.6915, f1: 0.6108
loss: 0.8387, acc: 0.6739, test_acc: 0.6867, f1: 0.6082
loss: 1.0180, acc: 0.6745, test_acc: 0.6851, f1: 0.6031
>> saved: ./DualGCN/state_dict/dualgcn_laptop_acc_0.6962_f1_0.6179
loss: 1.1375, acc: 0.6675, test_acc: 0.6962, f1: 0.6179
>> saved: ./DualGCN/state_dict/dualgcn_laptop_acc_0.7009_f1_0.6491
loss: 0.9652, acc: 0.6731, test_acc: 0.7009, f1: 0.6491
>> saved: ./DualGCN/state_dict/dualgcn_laptop_acc_0.7073_f1_0.6501
loss: 0.8716, acc: 0.6759, test_acc: 0.7073, f1: 0.6501
>> saved: ./DualGCN/state_dict/dualgcn_laptop_acc_0.7120_f1_0.6309
loss: 1.0311, acc: 0.6741, test_acc: 0.7120, f1: 0.6309
>>>>>>>>>>>>>>>>>>>>>>>>>>>>>>>>>>>>>>>>>>>>>>>>>>>>>>>>>>>>
epoch: 3
loss: 1.0997, acc: 0.6250, test_acc: 0.6835, f1: 0.5855
loss: 0.9480, acc: 0.6875, test_acc: 0.7025, f1: 0.6280
loss: 0.9133, acc: 0.7083, test_acc: 0.7073, f1: 0.6482
loss: 0.7951, acc: 0.7344, test_acc: 0.6946, f1: 0.6174
loss: 0.9472, acc: 0.7375, test_acc: 0.6899, f1: 0.5912
loss: 0.6964, acc: 0.7500, test_acc: 0.7057, f1: 0.6258
loss: 0.8964, acc: 0.7500, test_acc: 0.7073, f1: 0.6622
loss: 1.0681, acc: 0.7266, test_acc: 0.6946, f1: 0.6435
loss: 0.8909, acc: 0.7361, test_acc: 0.7089, f1: 0.6389
loss: 0.8063, acc: 0.7500, test_acc: 0.6851, f1: 0.5758
loss: 1.5541, acc: 0.7159, test_acc: 0.6962, f1: 0.6127
loss: 1.0019, acc: 0.7083, test_acc: 0.7073, f1: 0.6425
loss: 1.1590, acc: 0.7019, test_acc: 0.7120, f1: 0.6477
loss: 0.8641, acc: 0.7009, test_acc: 0.7057, f1: 0.6321
loss: 0.8917, acc: 0.7000, test_acc: 0.7089, f1: 0.6247
loss: 0.8742, acc: 0.7070, test_acc: 0.6994, f1: 0.6017
loss: 1.1020, acc: 0.6912, test_acc: 0.6867, f1: 0.5790
loss: 0.8972, acc: 0.6944, test_acc: 0.7120, f1: 0.6296
loss: 1.3140, acc: 0.6809, test_acc: 0.7120, f1: 0.6594
loss: 1.1787, acc: 0.6750, test_acc: 0.7073, f1: 0.6547
>> saved: ./DualGCN/state_dict/dualgcn_laptop_acc_0.7168_f1_0.6586
loss: 0.7570, acc: 0.6815, test_acc: 0.7168, f1: 0.6586
loss: 0.7164, acc: 0.6847, test_acc: 0.7041, f1: 0.6302
loss: 0.9833, acc: 0.6875, test_acc: 0.7136, f1: 0.6431
loss: 0.9548, acc: 0.6927, test_acc: 0.7168, f1: 0.6464
loss: 1.1156, acc: 0.6950, test_acc: 0.7152, f1: 0.6589
loss: 0.9577, acc: 0.6995, test_acc: 0.7152, f1: 0.6613
>> saved: ./DualGCN/state_dict/dualgcn_laptop_acc_0.7231_f1_0.6635
loss: 0.8415, acc: 0.6991, test_acc: 0.7231, f1: 0.6635
loss: 0.9831, acc: 0.7031, test_acc: 0.7136, f1: 0.6476
loss: 0.7925, acc: 0.7069, test_acc: 0.7104, f1: 0.6378
>>>>>>>>>>>>>>>>>>>>>>>>>>>>>>>>>>>>>>>>>>>>>>>>>>>>>>>>>>>>
epoch: 4
loss: 1.0642, acc: 0.6250, test_acc: 0.6820, f1: 0.5959
loss: 0.9483, acc: 0.6875, test_acc: 0.6946, f1: 0.6152
loss: 0.9154, acc: 0.7083, test_acc: 0.6661, f1: 0.6283
loss: 0.8217, acc: 0.7188, test_acc: 0.6899, f1: 0.6441
loss: 1.2358, acc: 0.6875, test_acc: 0.6820, f1: 0.5821
loss: 1.0895, acc: 0.6875, test_acc: 0.6930, f1: 0.5843
loss: 0.7559, acc: 0.7232, test_acc: 0.7120, f1: 0.6216
loss: 1.1045, acc: 0.7109, test_acc: 0.7199, f1: 0.6607
>> saved: ./DualGCN/state_dict/dualgcn_laptop_acc_0.7310_f1_0.6744
loss: 1.2488, acc: 0.7014, test_acc: 0.7310, f1: 0.6744
loss: 0.8700, acc: 0.7000, test_acc: 0.7073, f1: 0.6338
loss: 1.1070, acc: 0.6932, test_acc: 0.7057, f1: 0.6232
loss: 0.8323, acc: 0.6979, test_acc: 0.7089, f1: 0.6261
loss: 0.9224, acc: 0.7019, test_acc: 0.7073, f1: 0.6502
loss: 0.6891, acc: 0.7143, test_acc: 0.7089, f1: 0.6607
loss: 1.0029, acc: 0.7125, test_acc: 0.7168, f1: 0.6548
loss: 0.6250, acc: 0.7227, test_acc: 0.7120, f1: 0.6401
loss: 0.7396, acc: 0.7243, test_acc: 0.7120, f1: 0.6462
loss: 1.0619, acc: 0.7188, test_acc: 0.7120, f1: 0.6423
loss: 1.0398, acc: 0.7138, test_acc: 0.6915, f1: 0.6241
loss: 0.9290, acc: 0.7188, test_acc: 0.7136, f1: 0.6509
loss: 1.0479, acc: 0.7232, test_acc: 0.7120, f1: 0.6453
loss: 0.8283, acc: 0.7273, test_acc: 0.7310, f1: 0.6730
loss: 0.6879, acc: 0.7337, test_acc: 0.7215, f1: 0.6687
loss: 0.8565, acc: 0.7370, test_acc: 0.7184, f1: 0.6692
loss: 0.7719, acc: 0.7375, test_acc: 0.7231, f1: 0.6690
loss: 1.0266, acc: 0.7380, test_acc: 0.7199, f1: 0.6577
loss: 0.8453, acc: 0.7431, test_acc: 0.7215, f1: 0.6598
loss: 0.7767, acc: 0.7433, test_acc: 0.7263, f1: 0.6656
loss: 0.6555, acc: 0.7467, test_acc: 0.7310, f1: 0.6692
>>>>>>>>>>>>>>>>>>>>>>>>>>>>>>>>>>>>>>>>>>>>>>>>>>>>>>>>>>>>
epoch: 5
loss: 0.7083, acc: 0.8750, test_acc: 0.7199, f1: 0.6570
>> saved: ./DualGCN/state_dict/dualgcn_laptop_acc_0.7373_f1_0.6870
loss: 0.6774, acc: 0.8750, test_acc: 0.7373, f1: 0.6870
loss: 1.0201, acc: 0.7917, test_acc: 0.7373, f1: 0.6903
loss: 1.2281, acc: 0.7500, test_acc: 0.7373, f1: 0.6825
loss: 0.8314, acc: 0.7625, test_acc: 0.7215, f1: 0.6545
loss: 0.9159, acc: 0.7500, test_acc: 0.7168, f1: 0.6473
loss: 1.1059, acc: 0.7321, test_acc: 0.7199, f1: 0.6549
loss: 0.9575, acc: 0.7188, test_acc: 0.7247, f1: 0.6660
loss: 0.6847, acc: 0.7361, test_acc: 0.7278, f1: 0.6766
loss: 0.7456, acc: 0.7500, test_acc: 0.7263, f1: 0.6742
loss: 0.7751, acc: 0.7557, test_acc: 0.7358, f1: 0.6775
loss: 0.9134, acc: 0.7500, test_acc: 0.7231, f1: 0.6627
loss: 1.0835, acc: 0.7356, test_acc: 0.7247, f1: 0.6652
loss: 0.6331, acc: 0.7500, test_acc: 0.7263, f1: 0.6815
loss: 0.6852, acc: 0.7583, test_acc: 0.7231, f1: 0.6794
loss: 0.9378, acc: 0.7578, test_acc: 0.7120, f1: 0.6666
loss: 0.7036, acc: 0.7574, test_acc: 0.7310, f1: 0.6758
loss: 0.7090, acc: 0.7604, test_acc: 0.7373, f1: 0.6859
loss: 0.8543, acc: 0.7599, test_acc: 0.7342, f1: 0.6851
loss: 0.8979, acc: 0.7594, test_acc: 0.7278, f1: 0.6830
>> saved: ./DualGCN/state_dict/dualgcn_laptop_acc_0.7468_f1_0.7078
loss: 0.8266, acc: 0.7619, test_acc: 0.7468, f1: 0.7078
loss: 0.6821, acc: 0.7699, test_acc: 0.7294, f1: 0.6781
loss: 0.7429, acc: 0.7717, test_acc: 0.7057, f1: 0.6324
loss: 0.8832, acc: 0.7708, test_acc: 0.7136, f1: 0.6598
loss: 1.0492, acc: 0.7700, test_acc: 0.7231, f1: 0.6818
loss: 1.0235, acc: 0.7668, test_acc: 0.7373, f1: 0.6923
loss: 0.7937, acc: 0.7662, test_acc: 0.7120, f1: 0.6471
loss: 0.8064, acc: 0.7679, test_acc: 0.6962, f1: 0.6233
>>>>>>>>>>>>>>>>>>>>>>>>>>>>>>>>>>>>>>>>>>>>>>>>>>>>>>>>>>>>
epoch: 6
loss: 0.8384, acc: 0.7500, test_acc: 0.7231, f1: 0.6612
loss: 0.9025, acc: 0.6875, test_acc: 0.7263, f1: 0.6722
loss: 1.1413, acc: 0.6667, test_acc: 0.7294, f1: 0.6721
loss: 0.8229, acc: 0.6719, test_acc: 0.7215, f1: 0.6754
loss: 0.7008, acc: 0.7125, test_acc: 0.7231, f1: 0.6740
loss: 0.8295, acc: 0.7292, test_acc: 0.7389, f1: 0.6956
loss: 0.8430, acc: 0.7321, test_acc: 0.7310, f1: 0.6899
loss: 1.0780, acc: 0.7266, test_acc: 0.7358, f1: 0.6898
loss: 0.9863, acc: 0.7222, test_acc: 0.7389, f1: 0.6985
loss: 0.9075, acc: 0.7250, test_acc: 0.7342, f1: 0.7040
loss: 0.7969, acc: 0.7386, test_acc: 0.7437, f1: 0.7070
loss: 0.8647, acc: 0.7344, test_acc: 0.7152, f1: 0.6497
loss: 1.1809, acc: 0.7115, test_acc: 0.6962, f1: 0.6077
loss: 1.0056, acc: 0.7054, test_acc: 0.6978, f1: 0.6073
loss: 0.8171, acc: 0.7125, test_acc: 0.7199, f1: 0.6462
loss: 0.9450, acc: 0.7188, test_acc: 0.7199, f1: 0.6473
loss: 0.9967, acc: 0.7169, test_acc: 0.7231, f1: 0.6632
loss: 0.6339, acc: 0.7257, test_acc: 0.7326, f1: 0.6790
loss: 1.4081, acc: 0.7138, test_acc: 0.7294, f1: 0.6803
loss: 0.7635, acc: 0.7156, test_acc: 0.7247, f1: 0.6843
loss: 0.6553, acc: 0.7202, test_acc: 0.7326, f1: 0.6857
loss: 1.0353, acc: 0.7131, test_acc: 0.7278, f1: 0.6733
loss: 0.9550, acc: 0.7120, test_acc: 0.7342, f1: 0.6796
loss: 1.3439, acc: 0.7083, test_acc: 0.7278, f1: 0.6733
loss: 0.9501, acc: 0.7050, test_acc: 0.7184, f1: 0.6684
loss: 0.9885, acc: 0.7019, test_acc: 0.7405, f1: 0.6970
loss: 0.7502, acc: 0.7060, test_acc: 0.7199, f1: 0.6625
loss: 0.7551, acc: 0.7098, test_acc: 0.7184, f1: 0.6490
loss: 0.6886, acc: 0.7155, test_acc: 0.7199, f1: 0.6480
>>>>>>>>>>>>>>>>>>>>>>>>>>>>>>>>>>>>>>>>>>>>>>>>>>>>>>>>>>>>
epoch: 7
loss: 1.0198, acc: 0.7500, test_acc: 0.7089, f1: 0.6217
loss: 0.7591, acc: 0.7812, test_acc: 0.7310, f1: 0.6709
loss: 0.6925, acc: 0.8333, test_acc: 0.7358, f1: 0.6846
loss: 0.7200, acc: 0.8281, test_acc: 0.7041, f1: 0.6653
loss: 0.8703, acc: 0.8125, test_acc: 0.7215, f1: 0.6778
loss: 0.9950, acc: 0.7917, test_acc: 0.7215, f1: 0.6617
loss: 1.0901, acc: 0.7857, test_acc: 0.7104, f1: 0.6402
loss: 0.7796, acc: 0.7812, test_acc: 0.7263, f1: 0.6736
loss: 1.0276, acc: 0.7569, test_acc: 0.7168, f1: 0.6685
loss: 0.9572, acc: 0.7500, test_acc: 0.7104, f1: 0.6452
loss: 1.0342, acc: 0.7500, test_acc: 0.7104, f1: 0.6446
loss: 0.8350, acc: 0.7552, test_acc: 0.7342, f1: 0.6784
loss: 0.7340, acc: 0.7596, test_acc: 0.7136, f1: 0.6464
loss: 1.0999, acc: 0.7500, test_acc: 0.7263, f1: 0.6709
loss: 1.0574, acc: 0.7375, test_acc: 0.7215, f1: 0.6737
loss: 0.7315, acc: 0.7500, test_acc: 0.7199, f1: 0.6701
loss: 0.7742, acc: 0.7500, test_acc: 0.7263, f1: 0.6734
loss: 1.1980, acc: 0.7396, test_acc: 0.7104, f1: 0.6406
loss: 0.8063, acc: 0.7401, test_acc: 0.7120, f1: 0.6304
loss: 1.0173, acc: 0.7375, test_acc: 0.7168, f1: 0.6426
loss: 0.5423, acc: 0.7470, test_acc: 0.7342, f1: 0.6785
loss: 0.7326, acc: 0.7500, test_acc: 0.7263, f1: 0.6786
loss: 0.8599, acc: 0.7500, test_acc: 0.7421, f1: 0.6945
loss: 0.6018, acc: 0.7552, test_acc: 0.7421, f1: 0.6951
loss: 0.9626, acc: 0.7525, test_acc: 0.7421, f1: 0.6958
>> saved: ./DualGCN/state_dict/dualgcn_laptop_acc_0.7532_f1_0.7102
loss: 0.5095, acc: 0.7596, test_acc: 0.7532, f1: 0.7102
loss: 0.7698, acc: 0.7616, test_acc: 0.7421, f1: 0.6957
loss: 0.7634, acc: 0.7634, test_acc: 0.7358, f1: 0.6847
>>>>>>>>>>>>>>>>>>>>>>>>>>>>>>>>>>>>>>>>>>>>>>>>>>>>>>>>>>>>
epoch: 8
loss: 0.8989, acc: 0.6875, test_acc: 0.7358, f1: 0.6836
loss: 0.9873, acc: 0.6875, test_acc: 0.7516, f1: 0.7075
loss: 0.9537, acc: 0.7292, test_acc: 0.7373, f1: 0.7022
loss: 0.8446, acc: 0.7344, test_acc: 0.7389, f1: 0.7061
loss: 0.7123, acc: 0.7375, test_acc: 0.7421, f1: 0.7012
loss: 0.8539, acc: 0.7500, test_acc: 0.7310, f1: 0.6792
loss: 0.7831, acc: 0.7589, test_acc: 0.7405, f1: 0.6937
loss: 0.9358, acc: 0.7344, test_acc: 0.7310, f1: 0.6786
loss: 0.7980, acc: 0.7431, test_acc: 0.7278, f1: 0.6772
loss: 0.8016, acc: 0.7438, test_acc: 0.7073, f1: 0.6535
loss: 1.1439, acc: 0.7330, test_acc: 0.7057, f1: 0.6525
loss: 0.7807, acc: 0.7448, test_acc: 0.7405, f1: 0.6904
loss: 0.7629, acc: 0.7452, test_acc: 0.7358, f1: 0.6791
loss: 0.9062, acc: 0.7411, test_acc: 0.7231, f1: 0.6613
loss: 0.5912, acc: 0.7542, test_acc: 0.7199, f1: 0.6515
loss: 1.1240, acc: 0.7461, test_acc: 0.7184, f1: 0.6597
loss: 0.8731, acc: 0.7426, test_acc: 0.7184, f1: 0.6650
loss: 0.9662, acc: 0.7326, test_acc: 0.7215, f1: 0.6717
loss: 0.9458, acc: 0.7237, test_acc: 0.7326, f1: 0.6854
loss: 0.9120, acc: 0.7219, test_acc: 0.7468, f1: 0.7036
loss: 1.2102, acc: 0.7202, test_acc: 0.7453, f1: 0.7015
loss: 0.9324, acc: 0.7244, test_acc: 0.7437, f1: 0.7048
loss: 1.1350, acc: 0.7201, test_acc: 0.7405, f1: 0.6994
loss: 0.7182, acc: 0.7240, test_acc: 0.7484, f1: 0.7037
loss: 0.7578, acc: 0.7275, test_acc: 0.7500, f1: 0.7048
loss: 1.0597, acc: 0.7236, test_acc: 0.7326, f1: 0.6767
loss: 0.9883, acc: 0.7199, test_acc: 0.7168, f1: 0.6532
loss: 0.8059, acc: 0.7254, test_acc: 0.7184, f1: 0.6633
loss: 0.8122, acc: 0.7263, test_acc: 0.7199, f1: 0.6737
>>>>>>>>>>>>>>>>>>>>>>>>>>>>>>>>>>>>>>>>>>>>>>>>>>>>>>>>>>>>
epoch: 9
loss: 0.6962, acc: 0.8125, test_acc: 0.7215, f1: 0.6733
loss: 0.8510, acc: 0.8125, test_acc: 0.7310, f1: 0.6832
loss: 0.6487, acc: 0.8333, test_acc: 0.7278, f1: 0.6720
loss: 1.3449, acc: 0.7812, test_acc: 0.7342, f1: 0.6790
loss: 0.7024, acc: 0.8125, test_acc: 0.7468, f1: 0.7006
loss: 0.7880, acc: 0.8125, test_acc: 0.7532, f1: 0.7091
loss: 0.7579, acc: 0.8125, test_acc: 0.7484, f1: 0.7036
loss: 0.7884, acc: 0.8203, test_acc: 0.7199, f1: 0.6552
loss: 0.8142, acc: 0.8194, test_acc: 0.7104, f1: 0.6327
loss: 0.9937, acc: 0.8125, test_acc: 0.7247, f1: 0.6616
loss: 0.9137, acc: 0.8068, test_acc: 0.7168, f1: 0.6602
loss: 0.8654, acc: 0.7969, test_acc: 0.7405, f1: 0.6971
loss: 0.7929, acc: 0.7981, test_acc: 0.7136, f1: 0.6761
loss: 0.6854, acc: 0.8036, test_acc: 0.7310, f1: 0.6859
loss: 1.0558, acc: 0.8042, test_acc: 0.7136, f1: 0.6424
loss: 0.9344, acc: 0.7930, test_acc: 0.7184, f1: 0.6527
loss: 0.9151, acc: 0.7868, test_acc: 0.7326, f1: 0.6856
loss: 0.6374, acc: 0.7882, test_acc: 0.7310, f1: 0.6830
loss: 0.8020, acc: 0.7895, test_acc: 0.7342, f1: 0.6849
loss: 0.7436, acc: 0.7937, test_acc: 0.7278, f1: 0.6742
loss: 0.7314, acc: 0.7946, test_acc: 0.7215, f1: 0.6610
loss: 0.7172, acc: 0.7926, test_acc: 0.7373, f1: 0.6883
loss: 0.8829, acc: 0.7880, test_acc: 0.7342, f1: 0.6854
loss: 0.8345, acc: 0.7891, test_acc: 0.7294, f1: 0.6833
loss: 0.7651, acc: 0.7925, test_acc: 0.7468, f1: 0.7078
loss: 0.8412, acc: 0.7885, test_acc: 0.7405, f1: 0.7003
loss: 1.0065, acc: 0.7847, test_acc: 0.7120, f1: 0.6658
loss: 0.8640, acc: 0.7857, test_acc: 0.7405, f1: 0.6931
loss: 1.2074, acc: 0.7795, test_acc: 0.7278, f1: 0.6710
>>>>>>>>>>>>>>>>>>>>>>>>>>>>>>>>>>>>>>>>>>>>>>>>>>>>>>>>>>>>
epoch: 10
loss: 0.7480, acc: 0.8750, test_acc: 0.7294, f1: 0.6703
loss: 0.7635, acc: 0.8438, test_acc: 0.7421, f1: 0.6894
loss: 0.9643, acc: 0.7917, test_acc: 0.7358, f1: 0.6818
loss: 0.5605, acc: 0.8125, test_acc: 0.7326, f1: 0.6768
loss: 0.8758, acc: 0.8000, test_acc: 0.7373, f1: 0.6819
loss: 0.6821, acc: 0.8021, test_acc: 0.7326, f1: 0.6782
loss: 0.5457, acc: 0.8214, test_acc: 0.7453, f1: 0.6989
loss: 0.4896, acc: 0.8359, test_acc: 0.7405, f1: 0.6942
loss: 0.9622, acc: 0.8194, test_acc: 0.7326, f1: 0.6849
loss: 0.5596, acc: 0.8250, test_acc: 0.7294, f1: 0.6871
loss: 0.9657, acc: 0.8068, test_acc: 0.7405, f1: 0.7010
loss: 0.6838, acc: 0.8125, test_acc: 0.7294, f1: 0.6924
loss: 0.6212, acc: 0.8173, test_acc: 0.7310, f1: 0.6885
loss: 0.9084, acc: 0.8080, test_acc: 0.7326, f1: 0.6831
loss: 0.9735, acc: 0.8000, test_acc: 0.7405, f1: 0.6939
loss: 0.5651, acc: 0.8086, test_acc: 0.7231, f1: 0.6651
loss: 0.7079, acc: 0.8088, test_acc: 0.7025, f1: 0.6211
loss: 0.6117, acc: 0.8125, test_acc: 0.7120, f1: 0.6503
loss: 0.8368, acc: 0.8092, test_acc: 0.7168, f1: 0.6749
loss: 0.6239, acc: 0.8125, test_acc: 0.6994, f1: 0.6652
loss: 1.1764, acc: 0.8036, test_acc: 0.7199, f1: 0.6813
loss: 1.0236, acc: 0.7926, test_acc: 0.7358, f1: 0.6933
loss: 0.9022, acc: 0.7962, test_acc: 0.7199, f1: 0.6773
loss: 0.7997, acc: 0.7917, test_acc: 0.7089, f1: 0.6699
loss: 1.1496, acc: 0.7875, test_acc: 0.7263, f1: 0.6867
loss: 0.7963, acc: 0.7861, test_acc: 0.7294, f1: 0.6823
loss: 1.1905, acc: 0.7801, test_acc: 0.7310, f1: 0.6769
loss: 0.6113, acc: 0.7835, test_acc: 0.7310, f1: 0.6797
>>>>>>>>>>>>>>>>>>>>>>>>>>>>>>>>>>>>>>>>>>>>>>>>>>>>>>>>>>>>
epoch: 11
loss: 0.9621, acc: 0.6875, test_acc: 0.7294, f1: 0.6835
loss: 0.7211, acc: 0.7500, test_acc: 0.7278, f1: 0.6836
loss: 1.1246, acc: 0.7500, test_acc: 0.7358, f1: 0.6937
loss: 0.7023, acc: 0.7812, test_acc: 0.7215, f1: 0.6743
loss: 0.6563, acc: 0.8000, test_acc: 0.7152, f1: 0.6621
loss: 0.6329, acc: 0.8021, test_acc: 0.7152, f1: 0.6570
loss: 0.7068, acc: 0.8214, test_acc: 0.7152, f1: 0.6577
loss: 0.8293, acc: 0.8125, test_acc: 0.7294, f1: 0.6791
loss: 0.7599, acc: 0.8125, test_acc: 0.7294, f1: 0.6795
loss: 0.8535, acc: 0.8000, test_acc: 0.7326, f1: 0.6854
loss: 0.7938, acc: 0.7955, test_acc: 0.7373, f1: 0.6956
loss: 0.7600, acc: 0.8073, test_acc: 0.7405, f1: 0.6935
loss: 0.9617, acc: 0.8029, test_acc: 0.7184, f1: 0.6613
loss: 0.8502, acc: 0.7946, test_acc: 0.7453, f1: 0.7058
loss: 0.5394, acc: 0.8042, test_acc: 0.7247, f1: 0.6917
loss: 0.7978, acc: 0.8047, test_acc: 0.7342, f1: 0.6907
loss: 0.8979, acc: 0.8051, test_acc: 0.7358, f1: 0.6822
loss: 0.9195, acc: 0.8056, test_acc: 0.7199, f1: 0.6483
loss: 0.6944, acc: 0.8125, test_acc: 0.7215, f1: 0.6553
loss: 0.9123, acc: 0.8031, test_acc: 0.7231, f1: 0.6709
loss: 0.7007, acc: 0.8036, test_acc: 0.7421, f1: 0.6997
loss: 0.7340, acc: 0.8068, test_acc: 0.7342, f1: 0.6890
loss: 0.8575, acc: 0.7989, test_acc: 0.7342, f1: 0.6869
loss: 0.7691, acc: 0.7995, test_acc: 0.7263, f1: 0.6849
loss: 0.7721, acc: 0.7975, test_acc: 0.7231, f1: 0.6808
loss: 0.7000, acc: 0.8005, test_acc: 0.7263, f1: 0.6806
loss: 0.6598, acc: 0.7986, test_acc: 0.7342, f1: 0.6922
loss: 0.5576, acc: 0.8036, test_acc: 0.7089, f1: 0.6474
loss: 0.7073, acc: 0.8039, test_acc: 0.7184, f1: 0.6561
>>>>>>>>>>>>>>>>>>>>>>>>>>>>>>>>>>>>>>>>>>>>>>>>>>>>>>>>>>>>
epoch: 12
loss: 0.6080, acc: 0.7500, test_acc: 0.7168, f1: 0.6700
loss: 0.8740, acc: 0.7188, test_acc: 0.7373, f1: 0.6973
loss: 0.5417, acc: 0.7917, test_acc: 0.7310, f1: 0.6914
loss: 0.7364, acc: 0.8281, test_acc: 0.7342, f1: 0.6881
loss: 0.7822, acc: 0.8375, test_acc: 0.7263, f1: 0.6634
loss: 0.4461, acc: 0.8542, test_acc: 0.7263, f1: 0.6631
loss: 0.4934, acc: 0.8661, test_acc: 0.7278, f1: 0.6847
loss: 1.0381, acc: 0.8359, test_acc: 0.7136, f1: 0.6817
loss: 0.3818, acc: 0.8542, test_acc: 0.7389, f1: 0.7050
loss: 0.7405, acc: 0.8500, test_acc: 0.7326, f1: 0.6878
loss: 0.4920, acc: 0.8580, test_acc: 0.7294, f1: 0.6719
loss: 0.8851, acc: 0.8438, test_acc: 0.7294, f1: 0.6666
loss: 0.8409, acc: 0.8413, test_acc: 0.7373, f1: 0.6821
loss: 0.5357, acc: 0.8482, test_acc: 0.7421, f1: 0.7034
loss: 1.1225, acc: 0.8417, test_acc: 0.7152, f1: 0.6837
loss: 1.1340, acc: 0.8359, test_acc: 0.7358, f1: 0.6937
loss: 0.5346, acc: 0.8419, test_acc: 0.7310, f1: 0.6667
loss: 0.6602, acc: 0.8438, test_acc: 0.7263, f1: 0.6587
loss: 0.8521, acc: 0.8421, test_acc: 0.7184, f1: 0.6577
loss: 0.8291, acc: 0.8344, test_acc: 0.7136, f1: 0.6562
loss: 0.4461, acc: 0.8423, test_acc: 0.7294, f1: 0.6787
loss: 0.8468, acc: 0.8381, test_acc: 0.7310, f1: 0.6829
loss: 0.8439, acc: 0.8397, test_acc: 0.7342, f1: 0.6859
loss: 0.4487, acc: 0.8464, test_acc: 0.7326, f1: 0.6860
loss: 1.1555, acc: 0.8400, test_acc: 0.7342, f1: 0.6824
loss: 0.6181, acc: 0.8413, test_acc: 0.7358, f1: 0.6829
loss: 0.6377, acc: 0.8380, test_acc: 0.7310, f1: 0.6700
loss: 0.9176, acc: 0.8348, test_acc: 0.7278, f1: 0.6664
>>>>>>>>>>>>>>>>>>>>>>>>>>>>>>>>>>>>>>>>>>>>>>>>>>>>>>>>>>>>
epoch: 13
loss: 0.6845, acc: 0.8125, test_acc: 0.7342, f1: 0.6832
loss: 0.6747, acc: 0.8125, test_acc: 0.7326, f1: 0.6861
loss: 0.8818, acc: 0.7708, test_acc: 0.7358, f1: 0.6901
loss: 0.6891, acc: 0.7969, test_acc: 0.7278, f1: 0.6857
loss: 0.9641, acc: 0.7500, test_acc: 0.7342, f1: 0.6853
loss: 0.8266, acc: 0.7500, test_acc: 0.7405, f1: 0.6899
loss: 0.8363, acc: 0.7500, test_acc: 0.7421, f1: 0.6928
loss: 0.8507, acc: 0.7578, test_acc: 0.7421, f1: 0.6950
loss: 0.7452, acc: 0.7639, test_acc: 0.7310, f1: 0.6753
loss: 0.8788, acc: 0.7625, test_acc: 0.7358, f1: 0.6799
loss: 0.8315, acc: 0.7670, test_acc: 0.7342, f1: 0.6801
loss: 0.7137, acc: 0.7708, test_acc: 0.7453, f1: 0.6961
loss: 0.6854, acc: 0.7740, test_acc: 0.7453, f1: 0.7022
loss: 0.5421, acc: 0.7812, test_acc: 0.7389, f1: 0.6962
loss: 0.5226, acc: 0.7958, test_acc: 0.7342, f1: 0.6863
loss: 0.7876, acc: 0.7930, test_acc: 0.7294, f1: 0.6770
loss: 0.7296, acc: 0.7978, test_acc: 0.7326, f1: 0.6813
loss: 0.6626, acc: 0.8021, test_acc: 0.7278, f1: 0.6720
loss: 0.9025, acc: 0.7928, test_acc: 0.7421, f1: 0.6900
loss: 0.7766, acc: 0.7937, test_acc: 0.7215, f1: 0.6614
loss: 1.0012, acc: 0.7917, test_acc: 0.7199, f1: 0.6588
loss: 0.7682, acc: 0.7869, test_acc: 0.7199, f1: 0.6610
loss: 1.1187, acc: 0.7772, test_acc: 0.7405, f1: 0.6906
loss: 1.1623, acc: 0.7682, test_acc: 0.7310, f1: 0.6807
loss: 0.7379, acc: 0.7650, test_acc: 0.7184, f1: 0.6579
loss: 0.7284, acc: 0.7620, test_acc: 0.6978, f1: 0.6328
loss: 0.8901, acc: 0.7616, test_acc: 0.7152, f1: 0.6543
loss: 1.1160, acc: 0.7634, test_acc: 0.7073, f1: 0.6390
loss: 0.5253, acc: 0.7694, test_acc: 0.7168, f1: 0.6579
>>>>>>>>>>>>>>>>>>>>>>>>>>>>>>>>>>>>>>>>>>>>>>>>>>>>>>>>>>>>
epoch: 14
loss: 0.5867, acc: 0.8750, test_acc: 0.7342, f1: 0.6863
loss: 0.4999, acc: 0.9375, test_acc: 0.7437, f1: 0.6948
loss: 0.5568, acc: 0.8958, test_acc: 0.7358, f1: 0.6872
loss: 0.5058, acc: 0.9062, test_acc: 0.7310, f1: 0.6888
loss: 0.7774, acc: 0.8750, test_acc: 0.7405, f1: 0.6921
loss: 0.8408, acc: 0.8542, test_acc: 0.7326, f1: 0.6769
loss: 1.0122, acc: 0.8393, test_acc: 0.7294, f1: 0.6787
loss: 0.9693, acc: 0.8281, test_acc: 0.7342, f1: 0.6926
loss: 0.5650, acc: 0.8264, test_acc: 0.7310, f1: 0.6904
loss: 0.7112, acc: 0.8250, test_acc: 0.7342, f1: 0.6884
loss: 0.7183, acc: 0.8182, test_acc: 0.7136, f1: 0.6501
loss: 1.1993, acc: 0.7917, test_acc: 0.7294, f1: 0.6774
loss: 0.7415, acc: 0.7933, test_acc: 0.7294, f1: 0.6953
loss: 0.7193, acc: 0.7946, test_acc: 0.7263, f1: 0.6967
loss: 1.0220, acc: 0.7833, test_acc: 0.7405, f1: 0.7032
loss: 0.7888, acc: 0.7891, test_acc: 0.7437, f1: 0.6941
loss: 1.0630, acc: 0.7794, test_acc: 0.7437, f1: 0.6936
loss: 0.6194, acc: 0.7812, test_acc: 0.7437, f1: 0.7007
loss: 1.1331, acc: 0.7697, test_acc: 0.7373, f1: 0.7048
loss: 0.4633, acc: 0.7781, test_acc: 0.7278, f1: 0.6820
loss: 0.9581, acc: 0.7768, test_acc: 0.7104, f1: 0.6451
loss: 0.5298, acc: 0.7841, test_acc: 0.7104, f1: 0.6296
loss: 0.9226, acc: 0.7826, test_acc: 0.7073, f1: 0.6345
loss: 0.5223, acc: 0.7891, test_acc: 0.7089, f1: 0.6361
loss: 0.5328, acc: 0.7950, test_acc: 0.7025, f1: 0.6179
loss: 0.8945, acc: 0.7885, test_acc: 0.7089, f1: 0.6369
loss: 0.8843, acc: 0.7847, test_acc: 0.7373, f1: 0.6917
loss: 0.7876, acc: 0.7835, test_acc: 0.7405, f1: 0.7004
loss: 0.5982, acc: 0.7838, test_acc: 0.7247, f1: 0.6764
>>>>>>>>>>>>>>>>>>>>>>>>>>>>>>>>>>>>>>>>>>>>>>>>>>>>>>>>>>>>
epoch: 15
loss: 0.6698, acc: 0.8125, test_acc: 0.7310, f1: 0.6817
loss: 0.8375, acc: 0.8125, test_acc: 0.7310, f1: 0.6809
loss: 0.7130, acc: 0.8333, test_acc: 0.7326, f1: 0.6819
loss: 0.7869, acc: 0.8281, test_acc: 0.7342, f1: 0.6822
loss: 0.6085, acc: 0.8250, test_acc: 0.7199, f1: 0.6605
loss: 0.6809, acc: 0.8333, test_acc: 0.7215, f1: 0.6593
loss: 0.6391, acc: 0.8393, test_acc: 0.7389, f1: 0.6877
loss: 0.8700, acc: 0.8125, test_acc: 0.7326, f1: 0.6879
loss: 0.4628, acc: 0.8264, test_acc: 0.7484, f1: 0.7053
loss: 0.3808, acc: 0.8438, test_acc: 0.7405, f1: 0.6890
loss: 0.8042, acc: 0.8409, test_acc: 0.7278, f1: 0.6662
loss: 0.7876, acc: 0.8385, test_acc: 0.7453, f1: 0.6946
loss: 0.8971, acc: 0.8221, test_acc: 0.7516, f1: 0.7100
loss: 0.5331, acc: 0.8259, test_acc: 0.7484, f1: 0.7051
loss: 0.6356, acc: 0.8333, test_acc: 0.7500, f1: 0.7077
loss: 0.6845, acc: 0.8359, test_acc: 0.7389, f1: 0.6884
loss: 0.6361, acc: 0.8382, test_acc: 0.7136, f1: 0.6536
loss: 0.7805, acc: 0.8403, test_acc: 0.7199, f1: 0.6626
loss: 0.7362, acc: 0.8355, test_acc: 0.7326, f1: 0.6801
loss: 0.6360, acc: 0.8281, test_acc: 0.7437, f1: 0.7016
loss: 0.5527, acc: 0.8304, test_acc: 0.7373, f1: 0.7015
loss: 0.6703, acc: 0.8295, test_acc: 0.7437, f1: 0.7060
loss: 0.5111, acc: 0.8342, test_acc: 0.7263, f1: 0.6703
loss: 0.4271, acc: 0.8411, test_acc: 0.7263, f1: 0.6665
loss: 0.5682, acc: 0.8400, test_acc: 0.7278, f1: 0.6727
loss: 0.9932, acc: 0.8341, test_acc: 0.7373, f1: 0.6923
loss: 0.3859, acc: 0.8403, test_acc: 0.7484, f1: 0.7127
loss: 0.4619, acc: 0.8415, test_acc: 0.7421, f1: 0.7069
>>>>>>>>>>>>>>>>>>>>>>>>>>>>>>>>>>>>>>>>>>>>>>>>>>>>>>>>>>>>
epoch: 16
loss: 0.6876, acc: 0.8125, test_acc: 0.7421, f1: 0.7007
loss: 1.1860, acc: 0.7188, test_acc: 0.7263, f1: 0.6627
loss: 0.6774, acc: 0.7500, test_acc: 0.7405, f1: 0.6863
loss: 0.5681, acc: 0.7812, test_acc: 0.7310, f1: 0.6915
loss: 0.6737, acc: 0.8000, test_acc: 0.7184, f1: 0.6798
loss: 0.7673, acc: 0.7708, test_acc: 0.7373, f1: 0.6940
loss: 0.8303, acc: 0.7679, test_acc: 0.7358, f1: 0.6802
loss: 0.4266, acc: 0.7969, test_acc: 0.7136, f1: 0.6434
loss: 1.1200, acc: 0.7847, test_acc: 0.7310, f1: 0.6717
loss: 0.5314, acc: 0.8000, test_acc: 0.7389, f1: 0.6886
loss: 0.9466, acc: 0.7955, test_acc: 0.7468, f1: 0.6976
loss: 0.7575, acc: 0.7865, test_acc: 0.7263, f1: 0.6802
loss: 1.0052, acc: 0.7788, test_acc: 0.7421, f1: 0.7029
>> saved: ./DualGCN/state_dict/dualgcn_laptop_acc_0.7611_f1_0.7215
loss: 0.7980, acc: 0.7768, test_acc: 0.7611, f1: 0.7215
loss: 0.6474, acc: 0.7833, test_acc: 0.7358, f1: 0.6821
loss: 0.6378, acc: 0.7852, test_acc: 0.7215, f1: 0.6595
loss: 0.6579, acc: 0.7868, test_acc: 0.7231, f1: 0.6604
loss: 0.7473, acc: 0.7882, test_acc: 0.7373, f1: 0.6887
loss: 0.6825, acc: 0.7895, test_acc: 0.7405, f1: 0.6968
loss: 0.5384, acc: 0.7969, test_acc: 0.7389, f1: 0.6954
loss: 0.9369, acc: 0.7976, test_acc: 0.7358, f1: 0.6902
loss: 0.5163, acc: 0.8040, test_acc: 0.7358, f1: 0.6893
loss: 0.6904, acc: 0.8043, test_acc: 0.7421, f1: 0.6949
loss: 0.7712, acc: 0.7995, test_acc: 0.7421, f1: 0.6938
loss: 0.4614, acc: 0.8075, test_acc: 0.7437, f1: 0.6999
loss: 0.8123, acc: 0.8101, test_acc: 0.7373, f1: 0.6977
loss: 0.7796, acc: 0.8056, test_acc: 0.7294, f1: 0.6882
loss: 0.5115, acc: 0.8103, test_acc: 0.7358, f1: 0.6929
loss: 0.4782, acc: 0.8147, test_acc: 0.7089, f1: 0.6570
>>>>>>>>>>>>>>>>>>>>>>>>>>>>>>>>>>>>>>>>>>>>>>>>>>>>>>>>>>>>
epoch: 17
loss: 0.6265, acc: 0.8125, test_acc: 0.7215, f1: 0.6704
loss: 0.9611, acc: 0.7500, test_acc: 0.7263, f1: 0.6759
loss: 0.5780, acc: 0.8125, test_acc: 0.7215, f1: 0.6710
loss: 0.7091, acc: 0.8281, test_acc: 0.7231, f1: 0.6727
loss: 0.5395, acc: 0.8375, test_acc: 0.7184, f1: 0.6674
loss: 0.6826, acc: 0.8333, test_acc: 0.7263, f1: 0.6783
loss: 0.5347, acc: 0.8304, test_acc: 0.7263, f1: 0.6798
loss: 0.5910, acc: 0.8281, test_acc: 0.7342, f1: 0.6890
loss: 0.5567, acc: 0.8264, test_acc: 0.7373, f1: 0.6917
loss: 0.6223, acc: 0.8250, test_acc: 0.7294, f1: 0.6821
loss: 0.9350, acc: 0.8239, test_acc: 0.7342, f1: 0.6944
loss: 0.7209, acc: 0.8177, test_acc: 0.7326, f1: 0.6869
loss: 0.4961, acc: 0.8221, test_acc: 0.7326, f1: 0.6858
loss: 0.8633, acc: 0.8125, test_acc: 0.7437, f1: 0.7008
loss: 0.6805, acc: 0.8167, test_acc: 0.7389, f1: 0.6976
loss: 0.5498, acc: 0.8203, test_acc: 0.7263, f1: 0.6863
loss: 0.6846, acc: 0.8199, test_acc: 0.7136, f1: 0.6734
loss: 0.6693, acc: 0.8160, test_acc: 0.7263, f1: 0.6863
loss: 0.6480, acc: 0.8191, test_acc: 0.7263, f1: 0.6806
loss: 0.7562, acc: 0.8187, test_acc: 0.7263, f1: 0.6780
loss: 0.8673, acc: 0.8155, test_acc: 0.7152, f1: 0.6647
loss: 0.7431, acc: 0.8153, test_acc: 0.7199, f1: 0.6750
loss: 0.7897, acc: 0.8098, test_acc: 0.7215, f1: 0.6849
loss: 0.6890, acc: 0.8125, test_acc: 0.7263, f1: 0.6798
loss: 0.8396, acc: 0.8125, test_acc: 0.7278, f1: 0.6755
loss: 0.5948, acc: 0.8149, test_acc: 0.7326, f1: 0.6755
loss: 0.8778, acc: 0.8102, test_acc: 0.7389, f1: 0.6796
loss: 0.7148, acc: 0.8103, test_acc: 0.7326, f1: 0.6863
>>>>>>>>>>>>>>>>>>>>>>>>>>>>>>>>>>>>>>>>>>>>>>>>>>>>>>>>>>>>
epoch: 18
loss: 0.6406, acc: 0.8750, test_acc: 0.7294, f1: 0.6891
loss: 0.4209, acc: 0.9375, test_acc: 0.7089, f1: 0.6671
loss: 0.8370, acc: 0.8750, test_acc: 0.7184, f1: 0.6736
loss: 0.4586, acc: 0.8906, test_acc: 0.7152, f1: 0.6716
loss: 0.8659, acc: 0.8750, test_acc: 0.7263, f1: 0.6805
loss: 0.7308, acc: 0.8333, test_acc: 0.7310, f1: 0.6825
loss: 0.4748, acc: 0.8482, test_acc: 0.7247, f1: 0.6792
loss: 0.5462, acc: 0.8594, test_acc: 0.7199, f1: 0.6654
loss: 0.8026, acc: 0.8403, test_acc: 0.7326, f1: 0.6807
loss: 1.0857, acc: 0.8125, test_acc: 0.7310, f1: 0.6708
loss: 0.4576, acc: 0.8239, test_acc: 0.7373, f1: 0.6709
loss: 0.5404, acc: 0.8333, test_acc: 0.7358, f1: 0.6848
loss: 0.7390, acc: 0.8413, test_acc: 0.7278, f1: 0.6763
loss: 0.7559, acc: 0.8393, test_acc: 0.7294, f1: 0.6641
loss: 0.5123, acc: 0.8458, test_acc: 0.7342, f1: 0.6681
loss: 1.1235, acc: 0.8203, test_acc: 0.7437, f1: 0.6908
loss: 0.5635, acc: 0.8272, test_acc: 0.7437, f1: 0.6982
loss: 0.5823, acc: 0.8299, test_acc: 0.7484, f1: 0.7054
loss: 0.7448, acc: 0.8191, test_acc: 0.7278, f1: 0.6815
loss: 0.6044, acc: 0.8156, test_acc: 0.7215, f1: 0.6788
loss: 0.5678, acc: 0.8155, test_acc: 0.7184, f1: 0.6738
loss: 1.0041, acc: 0.8097, test_acc: 0.7389, f1: 0.6871
loss: 0.4972, acc: 0.8125, test_acc: 0.7326, f1: 0.6668
loss: 0.5658, acc: 0.8151, test_acc: 0.7278, f1: 0.6615
loss: 0.5834, acc: 0.8175, test_acc: 0.7263, f1: 0.6686
loss: 0.8301, acc: 0.8173, test_acc: 0.7294, f1: 0.6852
loss: 0.5428, acc: 0.8218, test_acc: 0.7310, f1: 0.6879
loss: 0.8501, acc: 0.8170, test_acc: 0.7342, f1: 0.6787
loss: 0.7232, acc: 0.8147, test_acc: 0.7373, f1: 0.6848
>>>>>>>>>>>>>>>>>>>>>>>>>>>>>>>>>>>>>>>>>>>>>>>>>>>>>>>>>>>>
epoch: 19
loss: 0.7065, acc: 0.7500, test_acc: 0.7373, f1: 0.6831
loss: 0.8636, acc: 0.7812, test_acc: 0.7373, f1: 0.6832
loss: 0.4602, acc: 0.8542, test_acc: 0.7342, f1: 0.6812
loss: 0.4427, acc: 0.8750, test_acc: 0.7342, f1: 0.6772
loss: 0.5135, acc: 0.8750, test_acc: 0.7263, f1: 0.6712
loss: 0.4847, acc: 0.8750, test_acc: 0.7231, f1: 0.6686
loss: 0.8912, acc: 0.8571, test_acc: 0.7294, f1: 0.6821
loss: 0.7578, acc: 0.8516, test_acc: 0.7342, f1: 0.6959
loss: 0.8868, acc: 0.8333, test_acc: 0.7373, f1: 0.6936
loss: 0.5755, acc: 0.8313, test_acc: 0.7247, f1: 0.6713
loss: 0.7344, acc: 0.8295, test_acc: 0.7326, f1: 0.6766
loss: 0.9405, acc: 0.8125, test_acc: 0.7468, f1: 0.6949
loss: 0.9210, acc: 0.8125, test_acc: 0.7453, f1: 0.6973
loss: 0.6081, acc: 0.8125, test_acc: 0.7421, f1: 0.7037
loss: 0.5573, acc: 0.8208, test_acc: 0.7437, f1: 0.7061
loss: 0.9619, acc: 0.8086, test_acc: 0.7389, f1: 0.6795
loss: 0.7116, acc: 0.8088, test_acc: 0.7342, f1: 0.6751
loss: 0.7664, acc: 0.8056, test_acc: 0.7500, f1: 0.7028
loss: 0.6734, acc: 0.8059, test_acc: 0.7421, f1: 0.7033
loss: 0.6738, acc: 0.8031, test_acc: 0.7405, f1: 0.6960
loss: 0.4993, acc: 0.8065, test_acc: 0.7263, f1: 0.6717
loss: 0.7765, acc: 0.8040, test_acc: 0.7373, f1: 0.6876
loss: 0.6220, acc: 0.8071, test_acc: 0.7310, f1: 0.6861
loss: 0.8649, acc: 0.8021, test_acc: 0.7184, f1: 0.6754
loss: 0.9164, acc: 0.7975, test_acc: 0.7373, f1: 0.6945
loss: 0.8273, acc: 0.7957, test_acc: 0.7310, f1: 0.6847
loss: 0.9064, acc: 0.7917, test_acc: 0.7389, f1: 0.6886
loss: 0.5020, acc: 0.7946, test_acc: 0.7342, f1: 0.6742
loss: 0.3783, acc: 0.7991, test_acc: 0.7278, f1: 0.6670
>>>>>>>>>>>>>>>>>>>>>>>>>>>>>>>>>>>>>>>>>>>>>>>>>>>>>>>>>>>>
epoch: 20
loss: 0.4652, acc: 0.9375, test_acc: 0.7263, f1: 0.6649
loss: 0.8844, acc: 0.9062, test_acc: 0.7263, f1: 0.6748
loss: 0.6742, acc: 0.8750, test_acc: 0.7247, f1: 0.6796
loss: 0.4962, acc: 0.8906, test_acc: 0.7278, f1: 0.6828
loss: 0.6210, acc: 0.8625, test_acc: 0.7231, f1: 0.6706
loss: 0.7688, acc: 0.8646, test_acc: 0.7136, f1: 0.6527
loss: 1.0743, acc: 0.8304, test_acc: 0.7104, f1: 0.6552
loss: 0.4302, acc: 0.8516, test_acc: 0.6741, f1: 0.6288
loss: 1.0979, acc: 0.8403, test_acc: 0.6915, f1: 0.6521
loss: 0.6267, acc: 0.8500, test_acc: 0.7231, f1: 0.6731
loss: 0.8118, acc: 0.8466, test_acc: 0.7136, f1: 0.6559
loss: 0.9282, acc: 0.8229, test_acc: 0.7437, f1: 0.7004
loss: 0.5965, acc: 0.8221, test_acc: 0.7405, f1: 0.7049
loss: 0.4742, acc: 0.8259, test_acc: 0.7278, f1: 0.6832
loss: 0.7763, acc: 0.8208, test_acc: 0.7247, f1: 0.6764
loss: 0.6421, acc: 0.8242, test_acc: 0.7358, f1: 0.6905
loss: 0.5798, acc: 0.8309, test_acc: 0.7263, f1: 0.6790
loss: 0.5435, acc: 0.8368, test_acc: 0.7168, f1: 0.6603
loss: 0.7292, acc: 0.8388, test_acc: 0.7263, f1: 0.6772
loss: 0.6495, acc: 0.8344, test_acc: 0.7389, f1: 0.6994
loss: 0.8249, acc: 0.8304, test_acc: 0.7278, f1: 0.6889
loss: 0.7800, acc: 0.8267, test_acc: 0.7278, f1: 0.6803
loss: 0.3632, acc: 0.8342, test_acc: 0.7310, f1: 0.6806
loss: 0.5772, acc: 0.8333, test_acc: 0.7294, f1: 0.6711
loss: 0.5525, acc: 0.8350, test_acc: 0.7231, f1: 0.6627
loss: 0.9841, acc: 0.8269, test_acc: 0.7342, f1: 0.6891
loss: 0.4362, acc: 0.8310, test_acc: 0.7373, f1: 0.6990
loss: 0.6187, acc: 0.8348, test_acc: 0.7294, f1: 0.6911
>>>>>>>>>>>>>>>>>>>>>>>>>>>>>>>>>>>>>>>>>>>>>>>>>>>>>>>>>>>>
epoch: 21
loss: 0.5535, acc: 0.8125, test_acc: 0.7263, f1: 0.6849
loss: 0.8946, acc: 0.7500, test_acc: 0.7247, f1: 0.6785
loss: 0.9998, acc: 0.7708, test_acc: 0.7247, f1: 0.6782
loss: 0.6048, acc: 0.7969, test_acc: 0.7278, f1: 0.6821
loss: 0.9189, acc: 0.7625, test_acc: 0.7389, f1: 0.6962
loss: 0.4757, acc: 0.7708, test_acc: 0.7199, f1: 0.6718
loss: 0.6008, acc: 0.7768, test_acc: 0.7025, f1: 0.6532
loss: 0.4021, acc: 0.7969, test_acc: 0.7120, f1: 0.6652
loss: 0.4443, acc: 0.8125, test_acc: 0.7199, f1: 0.6730
loss: 0.5266, acc: 0.8187, test_acc: 0.7389, f1: 0.6989
loss: 0.4973, acc: 0.8239, test_acc: 0.7358, f1: 0.6885
loss: 0.4643, acc: 0.8385, test_acc: 0.7152, f1: 0.6566
loss: 0.5375, acc: 0.8413, test_acc: 0.7168, f1: 0.6552
loss: 0.7213, acc: 0.8393, test_acc: 0.7263, f1: 0.6777
loss: 0.8567, acc: 0.8375, test_acc: 0.7326, f1: 0.6866
loss: 0.5769, acc: 0.8398, test_acc: 0.7500, f1: 0.7082
loss: 0.8235, acc: 0.8382, test_acc: 0.7437, f1: 0.7053
loss: 0.7755, acc: 0.8333, test_acc: 0.7041, f1: 0.6629
loss: 0.5934, acc: 0.8355, test_acc: 0.7231, f1: 0.6780
loss: 1.0687, acc: 0.8281, test_acc: 0.7278, f1: 0.6767
loss: 0.8615, acc: 0.8274, test_acc: 0.7310, f1: 0.6787
loss: 0.7796, acc: 0.8239, test_acc: 0.7104, f1: 0.6550
loss: 0.6171, acc: 0.8261, test_acc: 0.7373, f1: 0.6944
loss: 0.9506, acc: 0.8229, test_acc: 0.7468, f1: 0.7100
loss: 0.4583, acc: 0.8275, test_acc: 0.7500, f1: 0.7086
loss: 0.7053, acc: 0.8293, test_acc: 0.7500, f1: 0.7051
loss: 0.6093, acc: 0.8310, test_acc: 0.7199, f1: 0.6710
loss: 0.4788, acc: 0.8348, test_acc: 0.7057, f1: 0.6440
loss: 0.4558, acc: 0.8384, test_acc: 0.7294, f1: 0.6716
>>>>>>>>>>>>>>>>>>>>>>>>>>>>>>>>>>>>>>>>>>>>>>>>>>>>>>>>>>>>
epoch: 22
loss: 0.6172, acc: 0.8750, test_acc: 0.7310, f1: 0.6824
loss: 0.9949, acc: 0.7812, test_acc: 0.7500, f1: 0.7161
loss: 0.6977, acc: 0.7708, test_acc: 0.7500, f1: 0.7166
loss: 0.7355, acc: 0.7656, test_acc: 0.7342, f1: 0.6900
loss: 0.8052, acc: 0.7625, test_acc: 0.7389, f1: 0.6879
loss: 0.7910, acc: 0.7500, test_acc: 0.7358, f1: 0.6827
loss: 0.5837, acc: 0.7679, test_acc: 0.7405, f1: 0.6875
loss: 0.5750, acc: 0.7812, test_acc: 0.7342, f1: 0.6831
loss: 0.5521, acc: 0.7986, test_acc: 0.7263, f1: 0.6826
loss: 0.5421, acc: 0.8125, test_acc: 0.7247, f1: 0.6808
loss: 0.6524, acc: 0.8068, test_acc: 0.7278, f1: 0.6835
loss: 0.5998, acc: 0.8021, test_acc: 0.7373, f1: 0.6916
loss: 0.5526, acc: 0.8029, test_acc: 0.7453, f1: 0.7007
loss: 0.6395, acc: 0.8036, test_acc: 0.7326, f1: 0.6814
loss: 0.6945, acc: 0.8083, test_acc: 0.7342, f1: 0.6830
loss: 0.4073, acc: 0.8164, test_acc: 0.7342, f1: 0.6836
loss: 0.4724, acc: 0.8235, test_acc: 0.7310, f1: 0.6780
loss: 0.6246, acc: 0.8264, test_acc: 0.7247, f1: 0.6744
loss: 0.5604, acc: 0.8289, test_acc: 0.7247, f1: 0.6753
loss: 0.5840, acc: 0.8281, test_acc: 0.7294, f1: 0.6755
loss: 0.5797, acc: 0.8274, test_acc: 0.7231, f1: 0.6623
loss: 0.5678, acc: 0.8295, test_acc: 0.7247, f1: 0.6653
loss: 0.6686, acc: 0.8234, test_acc: 0.7326, f1: 0.6810
loss: 0.6545, acc: 0.8229, test_acc: 0.7215, f1: 0.6818
loss: 0.4694, acc: 0.8250, test_acc: 0.7231, f1: 0.6868
loss: 0.7938, acc: 0.8173, test_acc: 0.7389, f1: 0.6996
loss: 0.8891, acc: 0.8171, test_acc: 0.7484, f1: 0.7078
loss: 0.4606, acc: 0.8192, test_acc: 0.7389, f1: 0.6848
>>>>>>>>>>>>>>>>>>>>>>>>>>>>>>>>>>>>>>>>>>>>>>>>>>>>>>>>>>>>
epoch: 23
loss: 0.3352, acc: 1.0000, test_acc: 0.7389, f1: 0.6855
loss: 0.3363, acc: 1.0000, test_acc: 0.7294, f1: 0.6764
loss: 0.5318, acc: 0.9583, test_acc: 0.7231, f1: 0.6716
loss: 0.5196, acc: 0.9375, test_acc: 0.7215, f1: 0.6763
loss: 0.5137, acc: 0.9375, test_acc: 0.7373, f1: 0.6983
loss: 0.5324, acc: 0.9167, test_acc: 0.7326, f1: 0.6945
loss: 0.4606, acc: 0.9107, test_acc: 0.7326, f1: 0.6819
loss: 0.4991, acc: 0.9062, test_acc: 0.7358, f1: 0.6862
loss: 0.4851, acc: 0.9097, test_acc: 0.7484, f1: 0.7051
loss: 0.8677, acc: 0.9000, test_acc: 0.7342, f1: 0.6874
loss: 0.5100, acc: 0.8977, test_acc: 0.7120, f1: 0.6610
loss: 0.9355, acc: 0.8906, test_acc: 0.7215, f1: 0.6748
loss: 0.8385, acc: 0.8798, test_acc: 0.7326, f1: 0.6854
loss: 0.6544, acc: 0.8705, test_acc: 0.7231, f1: 0.6679
loss: 0.6002, acc: 0.8667, test_acc: 0.7184, f1: 0.6622
loss: 0.6102, acc: 0.8633, test_acc: 0.7009, f1: 0.6361
loss: 0.6958, acc: 0.8603, test_acc: 0.7041, f1: 0.6346
loss: 0.7660, acc: 0.8507, test_acc: 0.7104, f1: 0.6446
loss: 1.0242, acc: 0.8487, test_acc: 0.7152, f1: 0.6480
loss: 0.4768, acc: 0.8531, test_acc: 0.7215, f1: 0.6633
loss: 0.8795, acc: 0.8512, test_acc: 0.7326, f1: 0.6857
loss: 0.5085, acc: 0.8551, test_acc: 0.7294, f1: 0.6821
loss: 0.7587, acc: 0.8533, test_acc: 0.7215, f1: 0.6690
loss: 0.8192, acc: 0.8516, test_acc: 0.7215, f1: 0.6670
loss: 0.6162, acc: 0.8500, test_acc: 0.7231, f1: 0.6707
loss: 0.4725, acc: 0.8510, test_acc: 0.7247, f1: 0.6737
loss: 0.8637, acc: 0.8472, test_acc: 0.7136, f1: 0.6532
loss: 0.4492, acc: 0.8504, test_acc: 0.7184, f1: 0.6703
loss: 0.5549, acc: 0.8534, test_acc: 0.7215, f1: 0.6787
>>>>>>>>>>>>>>>>>>>>>>>>>>>>>>>>>>>>>>>>>>>>>>>>>>>>>>>>>>>>
epoch: 24
loss: 0.6166, acc: 0.8125, test_acc: 0.7310, f1: 0.6884
loss: 0.7946, acc: 0.8125, test_acc: 0.7278, f1: 0.6802
loss: 0.5766, acc: 0.8333, test_acc: 0.7263, f1: 0.6736
loss: 0.4477, acc: 0.8594, test_acc: 0.7231, f1: 0.6639
loss: 0.5025, acc: 0.8625, test_acc: 0.7168, f1: 0.6610
loss: 0.5001, acc: 0.8646, test_acc: 0.7263, f1: 0.6772
loss: 0.4540, acc: 0.8750, test_acc: 0.7247, f1: 0.6757
loss: 0.8012, acc: 0.8672, test_acc: 0.7247, f1: 0.6780
loss: 0.3107, acc: 0.8819, test_acc: 0.7326, f1: 0.6819
loss: 0.3488, acc: 0.8875, test_acc: 0.7310, f1: 0.6749
loss: 0.6438, acc: 0.8864, test_acc: 0.7247, f1: 0.6736
loss: 0.6138, acc: 0.8802, test_acc: 0.7231, f1: 0.6754
loss: 1.3681, acc: 0.8606, test_acc: 0.7310, f1: 0.6888
loss: 0.6519, acc: 0.8571, test_acc: 0.7358, f1: 0.6939
loss: 0.4251, acc: 0.8625, test_acc: 0.7263, f1: 0.6793
loss: 0.6356, acc: 0.8633, test_acc: 0.7215, f1: 0.6736
loss: 0.6639, acc: 0.8640, test_acc: 0.7310, f1: 0.6880
loss: 0.3600, acc: 0.8715, test_acc: 0.7342, f1: 0.6922
loss: 0.6890, acc: 0.8651, test_acc: 0.7278, f1: 0.6873
loss: 0.4518, acc: 0.8688, test_acc: 0.7231, f1: 0.6859
loss: 0.4496, acc: 0.8720, test_acc: 0.7231, f1: 0.6753
loss: 0.5442, acc: 0.8722, test_acc: 0.7231, f1: 0.6722
loss: 0.7636, acc: 0.8696, test_acc: 0.7310, f1: 0.6713
loss: 0.9535, acc: 0.8672, test_acc: 0.7199, f1: 0.6611
loss: 0.6379, acc: 0.8650, test_acc: 0.7310, f1: 0.6801
loss: 0.4735, acc: 0.8678, test_acc: 0.7263, f1: 0.6774
loss: 0.6300, acc: 0.8704, test_acc: 0.7263, f1: 0.6664
loss: 0.8429, acc: 0.8661, test_acc: 0.7215, f1: 0.6655
loss: 0.5238, acc: 0.8646, test_acc: 0.7231, f1: 0.6656
>>>>>>>>>>>>>>>>>>>>>>>>>>>>>>>>>>>>>>>>>>>>>>>>>>>>>>>>>>>>
epoch: 25
loss: 0.5964, acc: 0.7500, test_acc: 0.7294, f1: 0.6781
loss: 0.5120, acc: 0.8125, test_acc: 0.7294, f1: 0.6793
loss: 0.7218, acc: 0.8125, test_acc: 0.7199, f1: 0.6630
loss: 0.5169, acc: 0.8438, test_acc: 0.7310, f1: 0.6825
loss: 0.3430, acc: 0.8750, test_acc: 0.7310, f1: 0.6820
loss: 0.3825, acc: 0.8854, test_acc: 0.7310, f1: 0.6802
loss: 0.4647, acc: 0.8929, test_acc: 0.7168, f1: 0.6685
loss: 0.3852, acc: 0.8984, test_acc: 0.7073, f1: 0.6637
loss: 0.5576, acc: 0.8889, test_acc: 0.7104, f1: 0.6644
loss: 0.6126, acc: 0.8750, test_acc: 0.7184, f1: 0.6694
loss: 0.9479, acc: 0.8636, test_acc: 0.7310, f1: 0.6907
loss: 0.5444, acc: 0.8646, test_acc: 0.7326, f1: 0.6853
loss: 0.9118, acc: 0.8510, test_acc: 0.7089, f1: 0.6453
loss: 0.6229, acc: 0.8527, test_acc: 0.7278, f1: 0.6623
loss: 0.6163, acc: 0.8542, test_acc: 0.7184, f1: 0.6501
loss: 0.3976, acc: 0.8594, test_acc: 0.7326, f1: 0.6738
loss: 0.5049, acc: 0.8603, test_acc: 0.7500, f1: 0.7004
loss: 0.4103, acc: 0.8646, test_acc: 0.7437, f1: 0.6936
loss: 0.5636, acc: 0.8553, test_acc: 0.7152, f1: 0.6383
loss: 0.5393, acc: 0.8562, test_acc: 0.7120, f1: 0.6286
loss: 0.6403, acc: 0.8512, test_acc: 0.7278, f1: 0.6672
loss: 0.6075, acc: 0.8523, test_acc: 0.7389, f1: 0.6923
loss: 0.5505, acc: 0.8533, test_acc: 0.7358, f1: 0.6945
loss: 0.6518, acc: 0.8542, test_acc: 0.7247, f1: 0.6771
loss: 0.4627, acc: 0.8575, test_acc: 0.7184, f1: 0.6698
loss: 0.6370, acc: 0.8558, test_acc: 0.7278, f1: 0.6848
loss: 0.7970, acc: 0.8542, test_acc: 0.7405, f1: 0.7033
loss: 0.5384, acc: 0.8549, test_acc: 0.7453, f1: 0.7089
>>>>>>>>>>>>>>>>>>>>>>>>>>>>>>>>>>>>>>>>>>>>>>>>>>>>>>>>>>>>
epoch: 26
loss: 0.5001, acc: 0.8750, test_acc: 0.7358, f1: 0.6966
loss: 0.5877, acc: 0.8750, test_acc: 0.7389, f1: 0.6900
loss: 0.2697, acc: 0.9167, test_acc: 0.7389, f1: 0.6873
loss: 0.4323, acc: 0.9219, test_acc: 0.7326, f1: 0.6916
loss: 0.8721, acc: 0.9000, test_acc: 0.7373, f1: 0.7007
loss: 0.8707, acc: 0.8854, test_acc: 0.7358, f1: 0.7030
loss: 0.3841, acc: 0.8929, test_acc: 0.7468, f1: 0.7045
loss: 0.5593, acc: 0.8906, test_acc: 0.7358, f1: 0.6893
loss: 0.5239, acc: 0.8889, test_acc: 0.7310, f1: 0.6846
loss: 0.5766, acc: 0.8812, test_acc: 0.7294, f1: 0.6808
loss: 0.6170, acc: 0.8750, test_acc: 0.7342, f1: 0.6846
loss: 0.4982, acc: 0.8750, test_acc: 0.7326, f1: 0.6828
loss: 0.7472, acc: 0.8750, test_acc: 0.7468, f1: 0.7054
loss: 0.6131, acc: 0.8705, test_acc: 0.7389, f1: 0.6933
loss: 0.4782, acc: 0.8750, test_acc: 0.7247, f1: 0.6706
loss: 0.6511, acc: 0.8672, test_acc: 0.7294, f1: 0.6827
loss: 0.5346, acc: 0.8676, test_acc: 0.7342, f1: 0.6942
loss: 0.6545, acc: 0.8646, test_acc: 0.7263, f1: 0.6773
loss: 0.3232, acc: 0.8717, test_acc: 0.7294, f1: 0.6797
loss: 0.5926, acc: 0.8688, test_acc: 0.7263, f1: 0.6796
loss: 0.7606, acc: 0.8631, test_acc: 0.7120, f1: 0.6549
loss: 0.7761, acc: 0.8580, test_acc: 0.7231, f1: 0.6745
loss: 0.6177, acc: 0.8560, test_acc: 0.7310, f1: 0.6982
loss: 0.8272, acc: 0.8516, test_acc: 0.7310, f1: 0.6967
loss: 0.6392, acc: 0.8450, test_acc: 0.7373, f1: 0.6980
loss: 0.4683, acc: 0.8462, test_acc: 0.7342, f1: 0.6915
loss: 0.7006, acc: 0.8449, test_acc: 0.7104, f1: 0.6644
loss: 0.6064, acc: 0.8438, test_acc: 0.7168, f1: 0.6634
loss: 0.5296, acc: 0.8448, test_acc: 0.7152, f1: 0.6588
>>>>>>>>>>>>>>>>>>>>>>>>>>>>>>>>>>>>>>>>>>>>>>>>>>>>>>>>>>>>
epoch: 27
loss: 0.3531, acc: 0.9375, test_acc: 0.7199, f1: 0.6697
loss: 0.2477, acc: 0.9688, test_acc: 0.7104, f1: 0.6646
loss: 0.3388, acc: 0.9583, test_acc: 0.7073, f1: 0.6576
loss: 0.5924, acc: 0.9219, test_acc: 0.7073, f1: 0.6557
loss: 0.6511, acc: 0.9125, test_acc: 0.7421, f1: 0.7028
loss: 0.4423, acc: 0.9062, test_acc: 0.7468, f1: 0.7048
loss: 0.6983, acc: 0.9018, test_acc: 0.7342, f1: 0.6860
loss: 0.3846, acc: 0.9062, test_acc: 0.7120, f1: 0.6566
loss: 0.3018, acc: 0.9167, test_acc: 0.7089, f1: 0.6500
loss: 0.6521, acc: 0.9062, test_acc: 0.7247, f1: 0.6655
loss: 0.4846, acc: 0.9091, test_acc: 0.7405, f1: 0.6908
loss: 0.4515, acc: 0.9062, test_acc: 0.7294, f1: 0.6860
loss: 0.6629, acc: 0.8990, test_acc: 0.7184, f1: 0.6601
loss: 0.3580, acc: 0.9062, test_acc: 0.7199, f1: 0.6530
loss: 0.3826, acc: 0.9083, test_acc: 0.7215, f1: 0.6638
loss: 0.5955, acc: 0.9023, test_acc: 0.7215, f1: 0.6676
loss: 0.7800, acc: 0.8934, test_acc: 0.7152, f1: 0.6575
loss: 0.4795, acc: 0.8889, test_acc: 0.7025, f1: 0.6496
loss: 0.6646, acc: 0.8783, test_acc: 0.7120, f1: 0.6679
loss: 0.4926, acc: 0.8750, test_acc: 0.7199, f1: 0.6818
loss: 0.4074, acc: 0.8780, test_acc: 0.7389, f1: 0.7060
loss: 0.3730, acc: 0.8807, test_acc: 0.7453, f1: 0.7066
loss: 0.4182, acc: 0.8832, test_acc: 0.7247, f1: 0.6787
loss: 0.5182, acc: 0.8802, test_acc: 0.7231, f1: 0.6761
loss: 0.8046, acc: 0.8750, test_acc: 0.7278, f1: 0.6781
loss: 0.6152, acc: 0.8750, test_acc: 0.7358, f1: 0.6889
loss: 0.3871, acc: 0.8773, test_acc: 0.7437, f1: 0.7006
loss: 0.4137, acc: 0.8795, test_acc: 0.7437, f1: 0.7023
>>>>>>>>>>>>>>>>>>>>>>>>>>>>>>>>>>>>>>>>>>>>>>>>>>>>>>>>>>>>
epoch: 28
loss: 0.5766, acc: 0.8125, test_acc: 0.7453, f1: 0.6999
loss: 0.5015, acc: 0.8438, test_acc: 0.7358, f1: 0.6860
loss: 0.6385, acc: 0.8333, test_acc: 0.7278, f1: 0.6752
loss: 0.4840, acc: 0.8594, test_acc: 0.7310, f1: 0.6798
loss: 0.4951, acc: 0.8500, test_acc: 0.7168, f1: 0.6693
loss: 0.3650, acc: 0.8646, test_acc: 0.7247, f1: 0.6772
loss: 0.4309, acc: 0.8750, test_acc: 0.7184, f1: 0.6746
loss: 0.4904, acc: 0.8750, test_acc: 0.7152, f1: 0.6735
loss: 0.3615, acc: 0.8819, test_acc: 0.7184, f1: 0.6766
loss: 0.6035, acc: 0.8750, test_acc: 0.7231, f1: 0.6744
loss: 0.6493, acc: 0.8750, test_acc: 0.7089, f1: 0.6628
loss: 0.3673, acc: 0.8802, test_acc: 0.7247, f1: 0.6925
loss: 0.5912, acc: 0.8750, test_acc: 0.7294, f1: 0.6905
loss: 0.4386, acc: 0.8795, test_acc: 0.7421, f1: 0.6988
loss: 0.5137, acc: 0.8750, test_acc: 0.7373, f1: 0.6799
loss: 0.4552, acc: 0.8711, test_acc: 0.7278, f1: 0.6706
loss: 0.6020, acc: 0.8640, test_acc: 0.7310, f1: 0.6870
loss: 0.5880, acc: 0.8576, test_acc: 0.7453, f1: 0.7078
loss: 0.4122, acc: 0.8586, test_acc: 0.7500, f1: 0.7096
loss: 0.6536, acc: 0.8531, test_acc: 0.7278, f1: 0.6742
loss: 0.5732, acc: 0.8542, test_acc: 0.7152, f1: 0.6514
loss: 0.4794, acc: 0.8551, test_acc: 0.7136, f1: 0.6637
loss: 0.3601, acc: 0.8587, test_acc: 0.7326, f1: 0.6887
loss: 0.5087, acc: 0.8594, test_acc: 0.7437, f1: 0.6963
loss: 0.5536, acc: 0.8550, test_acc: 0.7389, f1: 0.6835
loss: 0.5731, acc: 0.8558, test_acc: 0.7437, f1: 0.7029
loss: 0.2921, acc: 0.8588, test_acc: 0.7358, f1: 0.7006
loss: 0.6096, acc: 0.8549, test_acc: 0.7294, f1: 0.6926
loss: 0.6499, acc: 0.8513, test_acc: 0.7215, f1: 0.6825
>>>>>>>>>>>>>>>>>>>>>>>>>>>>>>>>>>>>>>>>>>>>>>>>>>>>>>>>>>>>
epoch: 29
loss: 0.4037, acc: 0.8750, test_acc: 0.7073, f1: 0.6664
loss: 0.5730, acc: 0.8125, test_acc: 0.7120, f1: 0.6660
loss: 0.5285, acc: 0.8333, test_acc: 0.7120, f1: 0.6562
loss: 0.2745, acc: 0.8750, test_acc: 0.7184, f1: 0.6711
loss: 0.3614, acc: 0.8750, test_acc: 0.7358, f1: 0.6977
loss: 0.5026, acc: 0.8750, test_acc: 0.7421, f1: 0.7054
loss: 0.3459, acc: 0.8839, test_acc: 0.7231, f1: 0.6749
loss: 0.3966, acc: 0.8750, test_acc: 0.7199, f1: 0.6622
loss: 0.4538, acc: 0.8750, test_acc: 0.7199, f1: 0.6662
loss: 0.7477, acc: 0.8562, test_acc: 0.7294, f1: 0.6772
loss: 0.7000, acc: 0.8466, test_acc: 0.7310, f1: 0.6912
loss: 0.5039, acc: 0.8542, test_acc: 0.7389, f1: 0.7032
loss: 0.9484, acc: 0.8365, test_acc: 0.7342, f1: 0.6886
loss: 0.5540, acc: 0.8393, test_acc: 0.7278, f1: 0.6749
loss: 0.3115, acc: 0.8458, test_acc: 0.7215, f1: 0.6696
loss: 0.4774, acc: 0.8477, test_acc: 0.7152, f1: 0.6722
loss: 0.6037, acc: 0.8456, test_acc: 0.7152, f1: 0.6807
loss: 0.4366, acc: 0.8472, test_acc: 0.7168, f1: 0.6833
loss: 0.5011, acc: 0.8454, test_acc: 0.7199, f1: 0.6717
loss: 0.4803, acc: 0.8500, test_acc: 0.7136, f1: 0.6632
loss: 0.2804, acc: 0.8542, test_acc: 0.7136, f1: 0.6594
loss: 0.3142, acc: 0.8580, test_acc: 0.7294, f1: 0.6769
loss: 0.6538, acc: 0.8560, test_acc: 0.7437, f1: 0.6993
loss: 0.7056, acc: 0.8516, test_acc: 0.7310, f1: 0.6809
loss: 0.3613, acc: 0.8550, test_acc: 0.7263, f1: 0.6770
loss: 0.5126, acc: 0.8582, test_acc: 0.7263, f1: 0.6767
loss: 0.4258, acc: 0.8611, test_acc: 0.7294, f1: 0.6809
loss: 1.0829, acc: 0.8549, test_acc: 0.7278, f1: 0.6828
loss: 0.3170, acc: 0.8559, test_acc: 0.7278, f1: 0.6833
>>>>>>>>>>>>>>>>>>>>>>>>>>>>>>>>>>>>>>>>>>>>>>>>>>>>>>>>>>>>
epoch: 30
loss: 0.3530, acc: 0.9375, test_acc: 0.7389, f1: 0.7003
loss: 0.5210, acc: 0.8750, test_acc: 0.7310, f1: 0.6865
loss: 0.5585, acc: 0.8750, test_acc: 0.7294, f1: 0.6862
loss: 0.5082, acc: 0.8750, test_acc: 0.7342, f1: 0.6965
loss: 0.5254, acc: 0.8500, test_acc: 0.7358, f1: 0.6927
loss: 0.5785, acc: 0.8542, test_acc: 0.7168, f1: 0.6606
loss: 0.3488, acc: 0.8661, test_acc: 0.7263, f1: 0.6784
loss: 0.2988, acc: 0.8750, test_acc: 0.7326, f1: 0.6819
loss: 0.5088, acc: 0.8681, test_acc: 0.7389, f1: 0.6899
loss: 0.3656, acc: 0.8750, test_acc: 0.7421, f1: 0.6931
loss: 0.4135, acc: 0.8807, test_acc: 0.7437, f1: 0.6960
loss: 0.5497, acc: 0.8802, test_acc: 0.7389, f1: 0.6928
loss: 0.3984, acc: 0.8798, test_acc: 0.7421, f1: 0.6974
loss: 0.2944, acc: 0.8839, test_acc: 0.7373, f1: 0.6901
loss: 0.3688, acc: 0.8875, test_acc: 0.7294, f1: 0.6831
loss: 0.4285, acc: 0.8867, test_acc: 0.7342, f1: 0.6869
loss: 0.3911, acc: 0.8897, test_acc: 0.7326, f1: 0.6772
loss: 0.2516, acc: 0.8924, test_acc: 0.7358, f1: 0.6812
loss: 0.2727, acc: 0.8980, test_acc: 0.7389, f1: 0.6959
loss: 0.6694, acc: 0.8938, test_acc: 0.7278, f1: 0.6851
loss: 0.7055, acc: 0.8899, test_acc: 0.7199, f1: 0.6745
loss: 0.7919, acc: 0.8835, test_acc: 0.7326, f1: 0.6819
loss: 0.4538, acc: 0.8832, test_acc: 0.7278, f1: 0.6599
loss: 0.2840, acc: 0.8880, test_acc: 0.7421, f1: 0.6884
loss: 0.6834, acc: 0.8850, test_acc: 0.7405, f1: 0.7047
loss: 0.3948, acc: 0.8846, test_acc: 0.7231, f1: 0.6788
loss: 0.3476, acc: 0.8866, test_acc: 0.7326, f1: 0.6850
loss: 0.3572, acc: 0.8862, test_acc: 0.7310, f1: 0.6882
>>>>>>>>>>>>>>>>>>>>>>>>>>>>>>>>>>>>>>>>>>>>>>>>>>>>>>>>>>>>
epoch: 31
loss: 0.6446, acc: 0.8125, test_acc: 0.7231, f1: 0.6700
loss: 0.3138, acc: 0.8750, test_acc: 0.7231, f1: 0.6660
loss: 0.5248, acc: 0.8542, test_acc: 0.7278, f1: 0.6700
loss: 0.3186, acc: 0.8750, test_acc: 0.7168, f1: 0.6599
loss: 0.2664, acc: 0.9000, test_acc: 0.7231, f1: 0.6762
loss: 0.6294, acc: 0.8646, test_acc: 0.7342, f1: 0.7005
loss: 0.5941, acc: 0.8571, test_acc: 0.7310, f1: 0.6989
loss: 0.6085, acc: 0.8438, test_acc: 0.7358, f1: 0.7020
loss: 0.6372, acc: 0.8333, test_acc: 0.7310, f1: 0.6887
loss: 0.5469, acc: 0.8313, test_acc: 0.7231, f1: 0.6696
loss: 0.3965, acc: 0.8352, test_acc: 0.7231, f1: 0.6706
loss: 0.3492, acc: 0.8438, test_acc: 0.7294, f1: 0.6774
loss: 0.4598, acc: 0.8462, test_acc: 0.7547, f1: 0.7136
loss: 0.4558, acc: 0.8438, test_acc: 0.7294, f1: 0.6822
loss: 0.5005, acc: 0.8458, test_acc: 0.7231, f1: 0.6646
loss: 0.8239, acc: 0.8438, test_acc: 0.7278, f1: 0.6708
loss: 0.5080, acc: 0.8382, test_acc: 0.7342, f1: 0.6934
loss: 0.4633, acc: 0.8438, test_acc: 0.7294, f1: 0.6956
loss: 0.9750, acc: 0.8355, test_acc: 0.7389, f1: 0.7002
loss: 0.5438, acc: 0.8313, test_acc: 0.7421, f1: 0.6956
loss: 0.4216, acc: 0.8333, test_acc: 0.7136, f1: 0.6446
loss: 0.2717, acc: 0.8381, test_acc: 0.7247, f1: 0.6581
loss: 0.4651, acc: 0.8370, test_acc: 0.7326, f1: 0.6798
loss: 0.4486, acc: 0.8385, test_acc: 0.7310, f1: 0.6912
loss: 0.8275, acc: 0.8350, test_acc: 0.7358, f1: 0.7029
loss: 0.6081, acc: 0.8365, test_acc: 0.7247, f1: 0.6854
loss: 0.4562, acc: 0.8380, test_acc: 0.7136, f1: 0.6670
loss: 0.4499, acc: 0.8415, test_acc: 0.7184, f1: 0.6740
loss: 0.6060, acc: 0.8384, test_acc: 0.7263, f1: 0.6829
>>>>>>>>>>>>>>>>>>>>>>>>>>>>>>>>>>>>>>>>>>>>>>>>>>>>>>>>>>>>
epoch: 32
loss: 0.5921, acc: 0.8125, test_acc: 0.7294, f1: 0.6873
loss: 0.3865, acc: 0.8438, test_acc: 0.7326, f1: 0.6812
loss: 0.7201, acc: 0.7917, test_acc: 0.7310, f1: 0.6805
loss: 0.3604, acc: 0.8281, test_acc: 0.7358, f1: 0.6925
loss: 0.2755, acc: 0.8625, test_acc: 0.7373, f1: 0.7038
loss: 0.9848, acc: 0.8438, test_acc: 0.7342, f1: 0.6982
loss: 0.3373, acc: 0.8661, test_acc: 0.7358, f1: 0.6960
loss: 0.2250, acc: 0.8828, test_acc: 0.7199, f1: 0.6712
loss: 0.2971, acc: 0.8889, test_acc: 0.7168, f1: 0.6648
loss: 0.3730, acc: 0.8875, test_acc: 0.7215, f1: 0.6748
loss: 0.3809, acc: 0.8864, test_acc: 0.7247, f1: 0.6823
loss: 0.3074, acc: 0.8906, test_acc: 0.7199, f1: 0.6803
loss: 0.3566, acc: 0.8942, test_acc: 0.7120, f1: 0.6617
loss: 0.4249, acc: 0.8929, test_acc: 0.7263, f1: 0.6739
loss: 0.3543, acc: 0.8917, test_acc: 0.7199, f1: 0.6741
loss: 0.2251, acc: 0.8984, test_acc: 0.7199, f1: 0.6715
loss: 0.5251, acc: 0.8971, test_acc: 0.7152, f1: 0.6677
loss: 0.4402, acc: 0.8958, test_acc: 0.7199, f1: 0.6769
loss: 0.7640, acc: 0.8914, test_acc: 0.7168, f1: 0.6676
loss: 0.7695, acc: 0.8875, test_acc: 0.7168, f1: 0.6640
loss: 0.2640, acc: 0.8929, test_acc: 0.7263, f1: 0.6697
loss: 0.2630, acc: 0.8977, test_acc: 0.7278, f1: 0.6734
loss: 0.4835, acc: 0.8995, test_acc: 0.7184, f1: 0.6711
loss: 0.2207, acc: 0.9036, test_acc: 0.7263, f1: 0.6805
loss: 0.6066, acc: 0.9000, test_acc: 0.7278, f1: 0.6839
loss: 0.4987, acc: 0.8990, test_acc: 0.7168, f1: 0.6695
loss: 0.4699, acc: 0.9005, test_acc: 0.7215, f1: 0.6693
loss: 0.4851, acc: 0.8996, test_acc: 0.7231, f1: 0.6753
>>>>>>>>>>>>>>>>>>>>>>>>>>>>>>>>>>>>>>>>>>>>>>>>>>>>>>>>>>>>
epoch: 33
loss: 0.3700, acc: 0.9375, test_acc: 0.7389, f1: 0.7054
loss: 0.4933, acc: 0.9062, test_acc: 0.7326, f1: 0.6955
loss: 0.4248, acc: 0.8958, test_acc: 0.7231, f1: 0.6823
loss: 0.3472, acc: 0.9062, test_acc: 0.7263, f1: 0.6883
loss: 0.5736, acc: 0.8875, test_acc: 0.7278, f1: 0.6872
loss: 0.2560, acc: 0.9062, test_acc: 0.7294, f1: 0.6895
loss: 0.3096, acc: 0.9107, test_acc: 0.7247, f1: 0.6841
loss: 0.4058, acc: 0.9062, test_acc: 0.7136, f1: 0.6693
loss: 0.2322, acc: 0.9167, test_acc: 0.7136, f1: 0.6670
loss: 0.5322, acc: 0.9125, test_acc: 0.7152, f1: 0.6677
loss: 0.4780, acc: 0.9091, test_acc: 0.7215, f1: 0.6794
loss: 0.4413, acc: 0.9115, test_acc: 0.7278, f1: 0.6941
loss: 0.3177, acc: 0.9087, test_acc: 0.7421, f1: 0.7074
loss: 0.4617, acc: 0.9062, test_acc: 0.7294, f1: 0.6833
loss: 0.3580, acc: 0.9083, test_acc: 0.7294, f1: 0.6848
loss: 0.3729, acc: 0.9102, test_acc: 0.7247, f1: 0.6816
loss: 0.4833, acc: 0.9044, test_acc: 0.7342, f1: 0.6958
loss: 0.3454, acc: 0.9028, test_acc: 0.7263, f1: 0.6714
loss: 0.8949, acc: 0.8947, test_acc: 0.7231, f1: 0.6611
loss: 0.3821, acc: 0.8969, test_acc: 0.7263, f1: 0.6721
loss: 0.4312, acc: 0.8958, test_acc: 0.7215, f1: 0.6707
loss: 0.2866, acc: 0.8977, test_acc: 0.7294, f1: 0.6728
loss: 0.3705, acc: 0.8967, test_acc: 0.7358, f1: 0.6816
loss: 0.6423, acc: 0.8932, test_acc: 0.7453, f1: 0.7014
loss: 0.4394, acc: 0.8900, test_acc: 0.7358, f1: 0.6933
loss: 0.2508, acc: 0.8918, test_acc: 0.7342, f1: 0.6885
loss: 0.3020, acc: 0.8958, test_acc: 0.7342, f1: 0.6846
loss: 0.4831, acc: 0.8929, test_acc: 0.7326, f1: 0.6952
loss: 0.4163, acc: 0.8944, test_acc: 0.7294, f1: 0.6922
>>>>>>>>>>>>>>>>>>>>>>>>>>>>>>>>>>>>>>>>>>>>>>>>>>>>>>>>>>>>
epoch: 34
loss: 0.6393, acc: 0.8125, test_acc: 0.7089, f1: 0.6613
loss: 0.4993, acc: 0.8125, test_acc: 0.7389, f1: 0.6878
loss: 0.5540, acc: 0.8125, test_acc: 0.7405, f1: 0.6886
loss: 0.4874, acc: 0.8125, test_acc: 0.7421, f1: 0.6917
loss: 0.2179, acc: 0.8500, test_acc: 0.7358, f1: 0.6876
loss: 0.3918, acc: 0.8542, test_acc: 0.7437, f1: 0.7027
loss: 0.4536, acc: 0.8571, test_acc: 0.7611, f1: 0.7263
loss: 0.3283, acc: 0.8594, test_acc: 0.7484, f1: 0.7076
loss: 0.6604, acc: 0.8542, test_acc: 0.7342, f1: 0.6895
loss: 0.3770, acc: 0.8562, test_acc: 0.7468, f1: 0.7069
loss: 0.4833, acc: 0.8636, test_acc: 0.7310, f1: 0.6830
loss: 0.5065, acc: 0.8594, test_acc: 0.7326, f1: 0.6885
loss: 0.3268, acc: 0.8654, test_acc: 0.7453, f1: 0.7109
loss: 0.2224, acc: 0.8750, test_acc: 0.7484, f1: 0.7147
loss: 0.3697, acc: 0.8792, test_acc: 0.7437, f1: 0.7063
loss: 0.5221, acc: 0.8711, test_acc: 0.7326, f1: 0.6905
loss: 0.7153, acc: 0.8603, test_acc: 0.7326, f1: 0.6855
loss: 0.2656, acc: 0.8681, test_acc: 0.7263, f1: 0.6736
loss: 0.6486, acc: 0.8651, test_acc: 0.7263, f1: 0.6734
loss: 0.4533, acc: 0.8688, test_acc: 0.7278, f1: 0.6748
loss: 0.3817, acc: 0.8690, test_acc: 0.7263, f1: 0.6708
loss: 0.3784, acc: 0.8693, test_acc: 0.7310, f1: 0.6828
loss: 0.4097, acc: 0.8723, test_acc: 0.7342, f1: 0.6923
loss: 0.4410, acc: 0.8750, test_acc: 0.7373, f1: 0.6966
loss: 0.2585, acc: 0.8800, test_acc: 0.7263, f1: 0.6776
loss: 0.3875, acc: 0.8798, test_acc: 0.7278, f1: 0.6732
loss: 0.3656, acc: 0.8819, test_acc: 0.7278, f1: 0.6745
loss: 0.2964, acc: 0.8862, test_acc: 0.7247, f1: 0.6725
loss: 0.3642, acc: 0.8865, test_acc: 0.7437, f1: 0.7037
>>>>>>>>>>>>>>>>>>>>>>>>>>>>>>>>>>>>>>>>>>>>>>>>>>>>>>>>>>>>
epoch: 35
loss: 0.4258, acc: 0.8750, test_acc: 0.7358, f1: 0.6960
loss: 0.7886, acc: 0.8125, test_acc: 0.7168, f1: 0.6712
loss: 0.4013, acc: 0.8542, test_acc: 0.7247, f1: 0.6763
loss: 0.4790, acc: 0.8594, test_acc: 0.7358, f1: 0.6800
loss: 0.5154, acc: 0.8750, test_acc: 0.7453, f1: 0.6974
loss: 0.2672, acc: 0.8958, test_acc: 0.7437, f1: 0.7041
loss: 0.4651, acc: 0.9018, test_acc: 0.7373, f1: 0.6986
loss: 0.4467, acc: 0.8984, test_acc: 0.7294, f1: 0.6876
loss: 0.3600, acc: 0.9028, test_acc: 0.7278, f1: 0.6868
loss: 0.4625, acc: 0.9062, test_acc: 0.7231, f1: 0.6674
loss: 1.1871, acc: 0.8807, test_acc: 0.7278, f1: 0.6626
loss: 0.7202, acc: 0.8750, test_acc: 0.7294, f1: 0.6785
loss: 0.5498, acc: 0.8702, test_acc: 0.7484, f1: 0.7074
loss: 0.5924, acc: 0.8705, test_acc: 0.7421, f1: 0.7065
loss: 0.2670, acc: 0.8792, test_acc: 0.7326, f1: 0.6976
loss: 0.5791, acc: 0.8789, test_acc: 0.7294, f1: 0.6898
loss: 0.3923, acc: 0.8750, test_acc: 0.7294, f1: 0.6801
loss: 0.4346, acc: 0.8785, test_acc: 0.7326, f1: 0.6832
loss: 0.2736, acc: 0.8849, test_acc: 0.7310, f1: 0.6822
loss: 0.3141, acc: 0.8906, test_acc: 0.7389, f1: 0.6841
loss: 0.2380, acc: 0.8958, test_acc: 0.7278, f1: 0.6727
loss: 0.4299, acc: 0.8920, test_acc: 0.7231, f1: 0.6712
loss: 0.3460, acc: 0.8940, test_acc: 0.7500, f1: 0.7090
loss: 0.8300, acc: 0.8906, test_acc: 0.7500, f1: 0.7025
loss: 0.3947, acc: 0.8925, test_acc: 0.7294, f1: 0.6667
loss: 0.3769, acc: 0.8942, test_acc: 0.7278, f1: 0.6720
loss: 0.2264, acc: 0.8981, test_acc: 0.7263, f1: 0.6726
loss: 0.6963, acc: 0.8951, test_acc: 0.7326, f1: 0.6838
>>>>>>>>>>>>>>>>>>>>>>>>>>>>>>>>>>>>>>>>>>>>>>>>>>>>>>>>>>>>
epoch: 36
loss: 0.5086, acc: 0.8750, test_acc: 0.7310, f1: 0.6811
loss: 0.3478, acc: 0.9062, test_acc: 0.7437, f1: 0.6976
loss: 0.4189, acc: 0.9167, test_acc: 0.7437, f1: 0.6993
loss: 0.2476, acc: 0.9375, test_acc: 0.7405, f1: 0.6971
loss: 0.6094, acc: 0.9125, test_acc: 0.7389, f1: 0.6943
loss: 0.3609, acc: 0.9167, test_acc: 0.7342, f1: 0.6823
loss: 0.6648, acc: 0.9018, test_acc: 0.7294, f1: 0.6725
loss: 0.3416, acc: 0.9141, test_acc: 0.7358, f1: 0.6832
loss: 0.3381, acc: 0.9097, test_acc: 0.7389, f1: 0.6933
loss: 0.2726, acc: 0.9187, test_acc: 0.7358, f1: 0.6910
loss: 0.5669, acc: 0.9091, test_acc: 0.7263, f1: 0.6805
loss: 0.3541, acc: 0.9115, test_acc: 0.7184, f1: 0.6626
loss: 0.3238, acc: 0.9135, test_acc: 0.7326, f1: 0.6774
loss: 0.3749, acc: 0.9107, test_acc: 0.7326, f1: 0.6873
loss: 0.5148, acc: 0.9083, test_acc: 0.7247, f1: 0.6849
loss: 0.2690, acc: 0.9102, test_acc: 0.7215, f1: 0.6814
loss: 0.3820, acc: 0.9081, test_acc: 0.7263, f1: 0.6858
loss: 0.4633, acc: 0.9028, test_acc: 0.7310, f1: 0.6907
loss: 0.3517, acc: 0.9046, test_acc: 0.7342, f1: 0.6878
loss: 0.2810, acc: 0.9094, test_acc: 0.7468, f1: 0.7059
loss: 0.3996, acc: 0.9077, test_acc: 0.7310, f1: 0.6891
loss: 0.3522, acc: 0.9062, test_acc: 0.7215, f1: 0.6760
loss: 0.2112, acc: 0.9103, test_acc: 0.7405, f1: 0.6842
loss: 0.2657, acc: 0.9115, test_acc: 0.7373, f1: 0.6816
loss: 0.4681, acc: 0.9100, test_acc: 0.7294, f1: 0.6677
loss: 0.3148, acc: 0.9111, test_acc: 0.7342, f1: 0.6725
loss: 0.3813, acc: 0.9097, test_acc: 0.7294, f1: 0.6806
loss: 0.4812, acc: 0.9062, test_acc: 0.7263, f1: 0.6821
loss: 0.3575, acc: 0.9052, test_acc: 0.7294, f1: 0.6882
>>>>>>>>>>>>>>>>>>>>>>>>>>>>>>>>>>>>>>>>>>>>>>>>>>>>>>>>>>>>
epoch: 37
loss: 0.2718, acc: 0.9375, test_acc: 0.7310, f1: 0.6825
loss: 0.3024, acc: 0.9062, test_acc: 0.7358, f1: 0.6848
loss: 0.3503, acc: 0.8958, test_acc: 0.7437, f1: 0.6930
loss: 0.3019, acc: 0.9062, test_acc: 0.7437, f1: 0.6994
loss: 0.3643, acc: 0.9000, test_acc: 0.7373, f1: 0.6958
loss: 0.2768, acc: 0.9062, test_acc: 0.7310, f1: 0.6876
loss: 0.5243, acc: 0.8929, test_acc: 0.7278, f1: 0.6791
loss: 0.2606, acc: 0.8984, test_acc: 0.7326, f1: 0.6771
loss: 0.3691, acc: 0.8958, test_acc: 0.7310, f1: 0.6764
loss: 0.5663, acc: 0.8875, test_acc: 0.7358, f1: 0.6859
loss: 0.3282, acc: 0.8864, test_acc: 0.7484, f1: 0.7104
loss: 0.2557, acc: 0.8958, test_acc: 0.7373, f1: 0.7013
loss: 0.5246, acc: 0.8942, test_acc: 0.7421, f1: 0.7038
loss: 0.3717, acc: 0.8929, test_acc: 0.7310, f1: 0.6812
loss: 0.5116, acc: 0.8875, test_acc: 0.7342, f1: 0.6839
loss: 0.3395, acc: 0.8906, test_acc: 0.7215, f1: 0.6732
loss: 0.5894, acc: 0.8824, test_acc: 0.7199, f1: 0.6716
loss: 0.3556, acc: 0.8819, test_acc: 0.7263, f1: 0.6779
loss: 0.3242, acc: 0.8849, test_acc: 0.7500, f1: 0.7142
loss: 0.5171, acc: 0.8844, test_acc: 0.7373, f1: 0.7004
loss: 0.2933, acc: 0.8869, test_acc: 0.7231, f1: 0.6815
loss: 0.4638, acc: 0.8835, test_acc: 0.7184, f1: 0.6698
loss: 0.8216, acc: 0.8804, test_acc: 0.7342, f1: 0.6885
loss: 0.2026, acc: 0.8854, test_acc: 0.7405, f1: 0.6978
loss: 0.6593, acc: 0.8800, test_acc: 0.7468, f1: 0.7085
loss: 0.2871, acc: 0.8822, test_acc: 0.7326, f1: 0.6939
loss: 0.3125, acc: 0.8843, test_acc: 0.7215, f1: 0.6807
loss: 0.4890, acc: 0.8839, test_acc: 0.7168, f1: 0.6745
>>>>>>>>>>>>>>>>>>>>>>>>>>>>>>>>>>>>>>>>>>>>>>>>>>>>>>>>>>>>
epoch: 38
loss: 0.3223, acc: 0.9375, test_acc: 0.7215, f1: 0.6719
loss: 0.3708, acc: 0.9375, test_acc: 0.7405, f1: 0.6870
loss: 0.3822, acc: 0.9375, test_acc: 0.7358, f1: 0.6808
loss: 0.6270, acc: 0.9062, test_acc: 0.7405, f1: 0.6882
loss: 0.3379, acc: 0.9125, test_acc: 0.7057, f1: 0.6703
loss: 0.6958, acc: 0.8750, test_acc: 0.7120, f1: 0.6817
loss: 0.4716, acc: 0.8750, test_acc: 0.7389, f1: 0.7030
loss: 0.3990, acc: 0.8828, test_acc: 0.7468, f1: 0.6991
loss: 0.3238, acc: 0.8889, test_acc: 0.7421, f1: 0.6918
loss: 0.3788, acc: 0.8875, test_acc: 0.7532, f1: 0.7051
loss: 0.2658, acc: 0.8920, test_acc: 0.7421, f1: 0.6967
loss: 0.2568, acc: 0.9010, test_acc: 0.7247, f1: 0.6759
loss: 0.3376, acc: 0.9038, test_acc: 0.7373, f1: 0.6928
loss: 0.2422, acc: 0.9107, test_acc: 0.7342, f1: 0.6955
loss: 0.8221, acc: 0.9000, test_acc: 0.7373, f1: 0.6958
loss: 0.3426, acc: 0.9023, test_acc: 0.7421, f1: 0.7024
loss: 0.2052, acc: 0.9081, test_acc: 0.7342, f1: 0.6968
loss: 0.7761, acc: 0.9028, test_acc: 0.7294, f1: 0.6914
loss: 0.3287, acc: 0.9046, test_acc: 0.7326, f1: 0.6794
loss: 0.5029, acc: 0.9031, test_acc: 0.7358, f1: 0.6816
loss: 0.3850, acc: 0.9018, test_acc: 0.7294, f1: 0.6820
loss: 0.2485, acc: 0.9062, test_acc: 0.7373, f1: 0.6860
loss: 0.4917, acc: 0.9049, test_acc: 0.7358, f1: 0.6807
loss: 0.4887, acc: 0.9062, test_acc: 0.7294, f1: 0.6843
loss: 0.3244, acc: 0.9075, test_acc: 0.7278, f1: 0.6856
loss: 0.3613, acc: 0.9087, test_acc: 0.7326, f1: 0.6937
loss: 0.3264, acc: 0.9097, test_acc: 0.7310, f1: 0.6907
loss: 0.4194, acc: 0.9062, test_acc: 0.7326, f1: 0.6852
loss: 0.5863, acc: 0.9030, test_acc: 0.7373, f1: 0.6893
>>>>>>>>>>>>>>>>>>>>>>>>>>>>>>>>>>>>>>>>>>>>>>>>>>>>>>>>>>>>
epoch: 39
loss: 0.4651, acc: 0.8750, test_acc: 0.7389, f1: 0.6948
loss: 0.4225, acc: 0.8750, test_acc: 0.7405, f1: 0.6998
loss: 0.4425, acc: 0.8958, test_acc: 0.7389, f1: 0.6989
loss: 0.5424, acc: 0.8750, test_acc: 0.7421, f1: 0.7059
loss: 0.2613, acc: 0.9000, test_acc: 0.7405, f1: 0.7039
loss: 0.6123, acc: 0.8750, test_acc: 0.7310, f1: 0.6927
loss: 0.2561, acc: 0.8839, test_acc: 0.7326, f1: 0.6884
loss: 0.3768, acc: 0.8906, test_acc: 0.7310, f1: 0.6796
loss: 0.5881, acc: 0.8819, test_acc: 0.7421, f1: 0.6964
loss: 0.3160, acc: 0.8938, test_acc: 0.7389, f1: 0.6967
loss: 0.3521, acc: 0.8977, test_acc: 0.7405, f1: 0.6971
loss: 0.3543, acc: 0.9010, test_acc: 0.7342, f1: 0.6879
loss: 0.3573, acc: 0.8990, test_acc: 0.7294, f1: 0.6823
loss: 0.3234, acc: 0.9018, test_acc: 0.7437, f1: 0.6997
loss: 0.4337, acc: 0.9042, test_acc: 0.7453, f1: 0.7054
loss: 0.5574, acc: 0.8984, test_acc: 0.7405, f1: 0.6987
loss: 0.3884, acc: 0.8971, test_acc: 0.7405, f1: 0.7051
loss: 0.5055, acc: 0.8924, test_acc: 0.7326, f1: 0.6952
loss: 0.4626, acc: 0.8914, test_acc: 0.7152, f1: 0.6761
loss: 0.2666, acc: 0.8938, test_acc: 0.7168, f1: 0.6705
loss: 0.3040, acc: 0.8929, test_acc: 0.7294, f1: 0.6789
loss: 0.2174, acc: 0.8977, test_acc: 0.7373, f1: 0.6844
loss: 0.6466, acc: 0.8967, test_acc: 0.7294, f1: 0.6847
loss: 0.7210, acc: 0.8880, test_acc: 0.7326, f1: 0.6926
loss: 0.3105, acc: 0.8900, test_acc: 0.7342, f1: 0.6919
loss: 0.3194, acc: 0.8894, test_acc: 0.7247, f1: 0.6834
loss: 0.2511, acc: 0.8935, test_acc: 0.7263, f1: 0.6847
loss: 0.3701, acc: 0.8951, test_acc: 0.7310, f1: 0.6894
loss: 0.2201, acc: 0.8974, test_acc: 0.7342, f1: 0.6927
>>>>>>>>>>>>>>>>>>>>>>>>>>>>>>>>>>>>>>>>>>>>>>>>>>>>>>>>>>>>
epoch: 40
loss: 0.2688, acc: 0.9375, test_acc: 0.7358, f1: 0.6923
loss: 0.6912, acc: 0.8438, test_acc: 0.7358, f1: 0.6905
loss: 0.5907, acc: 0.8333, test_acc: 0.7405, f1: 0.6986
loss: 0.5605, acc: 0.8438, test_acc: 0.7468, f1: 0.7109
loss: 0.2187, acc: 0.8750, test_acc: 0.7326, f1: 0.6929
loss: 0.4212, acc: 0.8646, test_acc: 0.7278, f1: 0.6850
loss: 0.1708, acc: 0.8839, test_acc: 0.7310, f1: 0.6883
loss: 0.4610, acc: 0.8750, test_acc: 0.7421, f1: 0.6937
loss: 0.2916, acc: 0.8750, test_acc: 0.7437, f1: 0.6933
loss: 0.4416, acc: 0.8750, test_acc: 0.7421, f1: 0.6998
loss: 0.2612, acc: 0.8864, test_acc: 0.7358, f1: 0.6901
loss: 0.2874, acc: 0.8906, test_acc: 0.7326, f1: 0.6851
loss: 0.2658, acc: 0.8942, test_acc: 0.7437, f1: 0.6999
loss: 0.3516, acc: 0.8973, test_acc: 0.7358, f1: 0.6931
loss: 0.1746, acc: 0.9042, test_acc: 0.7310, f1: 0.6830
loss: 0.8281, acc: 0.8984, test_acc: 0.7231, f1: 0.6661
loss: 0.2716, acc: 0.9044, test_acc: 0.7373, f1: 0.6842
loss: 0.2622, acc: 0.9097, test_acc: 0.7421, f1: 0.6971
loss: 0.5549, acc: 0.9046, test_acc: 0.7453, f1: 0.6999
loss: 0.3403, acc: 0.9062, test_acc: 0.7421, f1: 0.6993
loss: 0.1802, acc: 0.9107, test_acc: 0.7358, f1: 0.6925
loss: 0.2013, acc: 0.9148, test_acc: 0.7294, f1: 0.6794
loss: 0.2696, acc: 0.9158, test_acc: 0.7342, f1: 0.6876
loss: 0.3547, acc: 0.9167, test_acc: 0.7373, f1: 0.6942
loss: 0.2703, acc: 0.9175, test_acc: 0.7405, f1: 0.7011
loss: 0.2475, acc: 0.9207, test_acc: 0.7421, f1: 0.6992
loss: 0.3465, acc: 0.9190, test_acc: 0.7405, f1: 0.6982
loss: 0.2815, acc: 0.9219, test_acc: 0.7358, f1: 0.6975
>>>>>>>>>>>>>>>>>>>>>>>>>>>>>>>>>>>>>>>>>>>>>>>>>>>>>>>>>>>>
epoch: 41
loss: 0.3756, acc: 0.8750, test_acc: 0.7389, f1: 0.7017
loss: 0.3295, acc: 0.9062, test_acc: 0.7342, f1: 0.6852
loss: 0.5772, acc: 0.8750, test_acc: 0.7373, f1: 0.6867
loss: 0.2364, acc: 0.8906, test_acc: 0.7421, f1: 0.6951
loss: 0.2000, acc: 0.9125, test_acc: 0.7500, f1: 0.7093
loss: 0.3073, acc: 0.9167, test_acc: 0.7516, f1: 0.7105
loss: 0.3234, acc: 0.9107, test_acc: 0.7358, f1: 0.6936
loss: 0.1981, acc: 0.9219, test_acc: 0.7294, f1: 0.6882
loss: 0.8034, acc: 0.9097, test_acc: 0.7310, f1: 0.6872
loss: 0.4322, acc: 0.9125, test_acc: 0.7358, f1: 0.6836
loss: 0.2427, acc: 0.9205, test_acc: 0.7342, f1: 0.6785
loss: 0.3315, acc: 0.9167, test_acc: 0.7263, f1: 0.6685
loss: 0.2699, acc: 0.9183, test_acc: 0.7326, f1: 0.6909
loss: 0.3317, acc: 0.9196, test_acc: 0.7231, f1: 0.6885
loss: 0.4957, acc: 0.9167, test_acc: 0.7342, f1: 0.6985
loss: 0.3444, acc: 0.9180, test_acc: 0.7437, f1: 0.6951
loss: 0.3077, acc: 0.9191, test_acc: 0.7231, f1: 0.6628
loss: 0.4789, acc: 0.9132, test_acc: 0.7358, f1: 0.6831
loss: 0.3567, acc: 0.9145, test_acc: 0.7326, f1: 0.6878
loss: 0.4766, acc: 0.9094, test_acc: 0.7263, f1: 0.6844
loss: 0.5300, acc: 0.9107, test_acc: 0.7294, f1: 0.6931
loss: 0.3590, acc: 0.9091, test_acc: 0.7326, f1: 0.6920
loss: 0.4055, acc: 0.9049, test_acc: 0.7358, f1: 0.6922
loss: 0.2110, acc: 0.9089, test_acc: 0.7373, f1: 0.6882
loss: 0.2842, acc: 0.9100, test_acc: 0.7310, f1: 0.6780
loss: 0.6660, acc: 0.9087, test_acc: 0.7263, f1: 0.6733
loss: 0.3085, acc: 0.9097, test_acc: 0.7389, f1: 0.6955
loss: 0.2927, acc: 0.9107, test_acc: 0.7437, f1: 0.7002
loss: 0.3499, acc: 0.9095, test_acc: 0.7405, f1: 0.7012
>>>>>>>>>>>>>>>>>>>>>>>>>>>>>>>>>>>>>>>>>>>>>>>>>>>>>>>>>>>>
epoch: 42
loss: 0.3829, acc: 0.9375, test_acc: 0.7453, f1: 0.7097
loss: 0.2490, acc: 0.9688, test_acc: 0.7516, f1: 0.7119
loss: 0.5146, acc: 0.9583, test_acc: 0.7516, f1: 0.7060
loss: 0.4293, acc: 0.9219, test_acc: 0.7421, f1: 0.6945
loss: 0.4176, acc: 0.9125, test_acc: 0.7373, f1: 0.6845
loss: 0.6421, acc: 0.8958, test_acc: 0.7278, f1: 0.6693
loss: 0.5549, acc: 0.8839, test_acc: 0.7215, f1: 0.6667
loss: 0.4344, acc: 0.8828, test_acc: 0.7199, f1: 0.6752
loss: 0.2256, acc: 0.8958, test_acc: 0.7136, f1: 0.6741
loss: 0.4167, acc: 0.8875, test_acc: 0.7294, f1: 0.6904
loss: 0.2360, acc: 0.8920, test_acc: 0.7358, f1: 0.6898
loss: 0.1924, acc: 0.9010, test_acc: 0.7389, f1: 0.6908
loss: 0.2421, acc: 0.9087, test_acc: 0.7373, f1: 0.6886
loss: 0.2924, acc: 0.9107, test_acc: 0.7310, f1: 0.6785
loss: 0.5271, acc: 0.9042, test_acc: 0.7263, f1: 0.6731
loss: 0.5726, acc: 0.8984, test_acc: 0.7405, f1: 0.6933
loss: 0.2924, acc: 0.9007, test_acc: 0.7326, f1: 0.6901
loss: 0.3415, acc: 0.9028, test_acc: 0.7294, f1: 0.6903
loss: 0.5882, acc: 0.8980, test_acc: 0.7342, f1: 0.6895
loss: 0.4776, acc: 0.8938, test_acc: 0.7231, f1: 0.6768
loss: 0.4009, acc: 0.8929, test_acc: 0.7199, f1: 0.6724
loss: 0.3408, acc: 0.8949, test_acc: 0.7294, f1: 0.6845
loss: 0.4014, acc: 0.8940, test_acc: 0.7294, f1: 0.6815
loss: 0.4726, acc: 0.8932, test_acc: 0.7294, f1: 0.6831
loss: 0.4503, acc: 0.8900, test_acc: 0.7247, f1: 0.6814
loss: 0.3595, acc: 0.8918, test_acc: 0.7294, f1: 0.6836
loss: 0.3963, acc: 0.8935, test_acc: 0.7310, f1: 0.6884
loss: 0.3803, acc: 0.8951, test_acc: 0.7294, f1: 0.6884
>>>>>>>>>>>>>>>>>>>>>>>>>>>>>>>>>>>>>>>>>>>>>>>>>>>>>>>>>>>>
epoch: 43
loss: 0.4422, acc: 0.9375, test_acc: 0.7421, f1: 0.6976
loss: 0.3699, acc: 0.9062, test_acc: 0.7373, f1: 0.6992
loss: 0.4201, acc: 0.8958, test_acc: 0.7342, f1: 0.6986
loss: 0.4089, acc: 0.8906, test_acc: 0.7389, f1: 0.6976
loss: 0.3715, acc: 0.8875, test_acc: 0.7421, f1: 0.7035
loss: 0.5108, acc: 0.8750, test_acc: 0.7453, f1: 0.7051
loss: 0.2527, acc: 0.8839, test_acc: 0.7389, f1: 0.6908
loss: 0.3803, acc: 0.8828, test_acc: 0.7532, f1: 0.7108
loss: 0.3225, acc: 0.8889, test_acc: 0.7468, f1: 0.7113
loss: 0.3613, acc: 0.8938, test_acc: 0.7215, f1: 0.6843
loss: 0.3666, acc: 0.8920, test_acc: 0.7247, f1: 0.6866
loss: 0.3272, acc: 0.8958, test_acc: 0.7437, f1: 0.7003
loss: 0.7202, acc: 0.8894, test_acc: 0.7453, f1: 0.6961
loss: 0.4994, acc: 0.8795, test_acc: 0.7437, f1: 0.6994
loss: 0.5184, acc: 0.8792, test_acc: 0.7437, f1: 0.7021
loss: 0.3492, acc: 0.8828, test_acc: 0.7389, f1: 0.6915
loss: 0.3583, acc: 0.8824, test_acc: 0.7437, f1: 0.6987
loss: 0.5421, acc: 0.8819, test_acc: 0.7278, f1: 0.6854
loss: 0.6360, acc: 0.8783, test_acc: 0.7373, f1: 0.6996
loss: 0.6324, acc: 0.8750, test_acc: 0.7373, f1: 0.6987
loss: 0.2763, acc: 0.8780, test_acc: 0.7294, f1: 0.6857
loss: 0.4194, acc: 0.8778, test_acc: 0.7231, f1: 0.6656
loss: 0.2330, acc: 0.8832, test_acc: 0.7342, f1: 0.6843
loss: 0.2684, acc: 0.8880, test_acc: 0.7405, f1: 0.6979
loss: 0.5405, acc: 0.8850, test_acc: 0.7405, f1: 0.7085
loss: 0.5031, acc: 0.8822, test_acc: 0.7326, f1: 0.7015
loss: 0.2747, acc: 0.8866, test_acc: 0.7453, f1: 0.7108
loss: 0.3189, acc: 0.8884, test_acc: 0.7484, f1: 0.7110
loss: 0.3848, acc: 0.8879, test_acc: 0.7389, f1: 0.6982
>>>>>>>>>>>>>>>>>>>>>>>>>>>>>>>>>>>>>>>>>>>>>>>>>>>>>>>>>>>>
epoch: 44
loss: 0.4363, acc: 0.8750, test_acc: 0.7468, f1: 0.7058
loss: 0.3965, acc: 0.8750, test_acc: 0.7516, f1: 0.7124
loss: 0.8107, acc: 0.8333, test_acc: 0.7437, f1: 0.7034
loss: 0.4574, acc: 0.8438, test_acc: 0.7389, f1: 0.6990
loss: 0.6293, acc: 0.8250, test_acc: 0.7310, f1: 0.6917
loss: 0.1869, acc: 0.8542, test_acc: 0.7310, f1: 0.6819
loss: 0.3175, acc: 0.8750, test_acc: 0.7310, f1: 0.6802
loss: 0.4254, acc: 0.8750, test_acc: 0.7310, f1: 0.6783
loss: 0.3707, acc: 0.8750, test_acc: 0.7342, f1: 0.6873
loss: 0.4235, acc: 0.8750, test_acc: 0.7342, f1: 0.6853
loss: 0.4355, acc: 0.8750, test_acc: 0.7358, f1: 0.6852
loss: 0.2502, acc: 0.8854, test_acc: 0.7389, f1: 0.6913
loss: 0.2888, acc: 0.8894, test_acc: 0.7405, f1: 0.6971
loss: 0.5878, acc: 0.8884, test_acc: 0.7421, f1: 0.7022
loss: 0.2565, acc: 0.8958, test_acc: 0.7342, f1: 0.6946
loss: 0.1979, acc: 0.9023, test_acc: 0.7310, f1: 0.6836
loss: 0.1816, acc: 0.9081, test_acc: 0.7231, f1: 0.6650
loss: 0.2092, acc: 0.9132, test_acc: 0.7231, f1: 0.6624
loss: 0.9642, acc: 0.9079, test_acc: 0.7532, f1: 0.7132
loss: 0.5372, acc: 0.9000, test_acc: 0.7389, f1: 0.7063
loss: 0.2345, acc: 0.9048, test_acc: 0.7453, f1: 0.7084
loss: 0.4537, acc: 0.9062, test_acc: 0.7453, f1: 0.7033
loss: 0.2225, acc: 0.9103, test_acc: 0.7516, f1: 0.7117
loss: 0.2748, acc: 0.9115, test_acc: 0.7294, f1: 0.6840
loss: 0.3288, acc: 0.9125, test_acc: 0.7342, f1: 0.6858
loss: 0.4464, acc: 0.9087, test_acc: 0.7373, f1: 0.6956
loss: 0.5018, acc: 0.9074, test_acc: 0.7358, f1: 0.6970
loss: 0.2473, acc: 0.9107, test_acc: 0.7358, f1: 0.6989
loss: 0.4931, acc: 0.9105, test_acc: 0.7421, f1: 0.7088
>>>>>>>>>>>>>>>>>>>>>>>>>>>>>>>>>>>>>>>>>>>>>>>>>>>>>>>>>>>>
epoch: 45
loss: 0.3594, acc: 0.9375, test_acc: 0.7373, f1: 0.6997
loss: 0.1911, acc: 0.9688, test_acc: 0.7310, f1: 0.6812
loss: 0.5217, acc: 0.9167, test_acc: 0.7294, f1: 0.6737
loss: 0.2375, acc: 0.9219, test_acc: 0.7358, f1: 0.6897
loss: 0.4643, acc: 0.9000, test_acc: 0.7405, f1: 0.7018
loss: 0.3054, acc: 0.8958, test_acc: 0.7437, f1: 0.7068
loss: 0.3158, acc: 0.8929, test_acc: 0.7358, f1: 0.6881
loss: 0.2677, acc: 0.9062, test_acc: 0.7294, f1: 0.6768
loss: 0.4366, acc: 0.9097, test_acc: 0.7342, f1: 0.6846
loss: 0.2330, acc: 0.9125, test_acc: 0.7437, f1: 0.7019
loss: 0.4871, acc: 0.9148, test_acc: 0.7405, f1: 0.7000
loss: 0.2895, acc: 0.9167, test_acc: 0.7294, f1: 0.6907
loss: 0.2178, acc: 0.9231, test_acc: 0.7231, f1: 0.6735
loss: 0.5080, acc: 0.9107, test_acc: 0.7310, f1: 0.6671
loss: 0.3765, acc: 0.9125, test_acc: 0.7278, f1: 0.6647
loss: 0.7700, acc: 0.9023, test_acc: 0.7405, f1: 0.6901
loss: 0.2839, acc: 0.9044, test_acc: 0.7342, f1: 0.6911
loss: 0.2764, acc: 0.9097, test_acc: 0.7405, f1: 0.7009
loss: 0.4275, acc: 0.9079, test_acc: 0.7342, f1: 0.6898
loss: 0.4116, acc: 0.9062, test_acc: 0.7358, f1: 0.6899
loss: 0.3132, acc: 0.9048, test_acc: 0.7310, f1: 0.6774
loss: 0.2426, acc: 0.9091, test_acc: 0.7326, f1: 0.6840
loss: 0.2372, acc: 0.9130, test_acc: 0.7358, f1: 0.6886
loss: 0.4627, acc: 0.9115, test_acc: 0.7373, f1: 0.6920
loss: 0.5048, acc: 0.9075, test_acc: 0.7358, f1: 0.6943
loss: 0.1827, acc: 0.9111, test_acc: 0.7389, f1: 0.6990
loss: 0.3283, acc: 0.9097, test_acc: 0.7358, f1: 0.6876
loss: 0.5037, acc: 0.9062, test_acc: 0.7484, f1: 0.6978
>>>>>>>>>>>>>>>>>>>>>>>>>>>>>>>>>>>>>>>>>>>>>>>>>>>>>>>>>>>>
epoch: 46
loss: 0.2259, acc: 1.0000, test_acc: 0.7358, f1: 0.6869
loss: 0.2305, acc: 1.0000, test_acc: 0.7437, f1: 0.6978
loss: 0.3933, acc: 0.9792, test_acc: 0.7389, f1: 0.6932
loss: 0.4545, acc: 0.9531, test_acc: 0.7405, f1: 0.6954
loss: 0.2342, acc: 0.9500, test_acc: 0.7437, f1: 0.6955
loss: 0.3382, acc: 0.9479, test_acc: 0.7389, f1: 0.6909
loss: 0.2865, acc: 0.9464, test_acc: 0.7278, f1: 0.6760
loss: 0.4381, acc: 0.9297, test_acc: 0.7326, f1: 0.6833
loss: 0.5974, acc: 0.9167, test_acc: 0.7373, f1: 0.6962
loss: 0.3818, acc: 0.9125, test_acc: 0.7389, f1: 0.7030
loss: 0.2257, acc: 0.9148, test_acc: 0.7421, f1: 0.7071
loss: 0.2894, acc: 0.9219, test_acc: 0.7373, f1: 0.7028
loss: 0.1893, acc: 0.9279, test_acc: 0.7389, f1: 0.7025
loss: 0.2733, acc: 0.9286, test_acc: 0.7484, f1: 0.7074
loss: 0.3451, acc: 0.9250, test_acc: 0.7421, f1: 0.6989
loss: 0.6054, acc: 0.9258, test_acc: 0.7405, f1: 0.6918
loss: 0.3680, acc: 0.9228, test_acc: 0.7389, f1: 0.6900
loss: 0.6316, acc: 0.9201, test_acc: 0.7516, f1: 0.7091
loss: 0.2522, acc: 0.9243, test_acc: 0.7468, f1: 0.7049
loss: 0.3343, acc: 0.9219, test_acc: 0.7500, f1: 0.7088
loss: 0.1489, acc: 0.9256, test_acc: 0.7532, f1: 0.7090
loss: 0.4289, acc: 0.9233, test_acc: 0.7468, f1: 0.7043
loss: 0.7765, acc: 0.9185, test_acc: 0.7516, f1: 0.7125
loss: 0.4936, acc: 0.9141, test_acc: 0.7468, f1: 0.7045
loss: 0.3341, acc: 0.9150, test_acc: 0.7468, f1: 0.7035
loss: 0.3635, acc: 0.9159, test_acc: 0.7468, f1: 0.7011
loss: 0.2763, acc: 0.9167, test_acc: 0.7437, f1: 0.6939
loss: 0.4200, acc: 0.9174, test_acc: 0.7468, f1: 0.6980
loss: 0.4866, acc: 0.9181, test_acc: 0.7405, f1: 0.6859
>>>>>>>>>>>>>>>>>>>>>>>>>>>>>>>>>>>>>>>>>>>>>>>>>>>>>>>>>>>>
epoch: 47
loss: 0.3196, acc: 0.8750, test_acc: 0.7373, f1: 0.6916
loss: 0.2304, acc: 0.9375, test_acc: 0.7342, f1: 0.6964
loss: 0.1964, acc: 0.9583, test_acc: 0.7215, f1: 0.6857
loss: 0.2886, acc: 0.9531, test_acc: 0.7247, f1: 0.6869
loss: 0.3799, acc: 0.9500, test_acc: 0.7389, f1: 0.6921
loss: 0.4154, acc: 0.9479, test_acc: 0.7373, f1: 0.6853
loss: 0.2850, acc: 0.9554, test_acc: 0.7437, f1: 0.6935
loss: 0.1984, acc: 0.9609, test_acc: 0.7468, f1: 0.7011
loss: 0.9504, acc: 0.9375, test_acc: 0.7468, f1: 0.7072
loss: 0.8475, acc: 0.9187, test_acc: 0.7421, f1: 0.7080
loss: 0.4177, acc: 0.9148, test_acc: 0.7358, f1: 0.7034
loss: 0.3219, acc: 0.9167, test_acc: 0.7215, f1: 0.6882
loss: 0.5832, acc: 0.9087, test_acc: 0.7263, f1: 0.6891
loss: 0.3007, acc: 0.9107, test_acc: 0.7373, f1: 0.6926
loss: 0.5202, acc: 0.9125, test_acc: 0.7342, f1: 0.6805
loss: 0.4468, acc: 0.9102, test_acc: 0.7405, f1: 0.6893
loss: 0.6888, acc: 0.8934, test_acc: 0.7310, f1: 0.6808
loss: 0.4387, acc: 0.8924, test_acc: 0.7405, f1: 0.6935
loss: 0.3844, acc: 0.8947, test_acc: 0.7294, f1: 0.6911
loss: 0.4029, acc: 0.8938, test_acc: 0.7373, f1: 0.7000
loss: 0.2888, acc: 0.8958, test_acc: 0.7453, f1: 0.7012
loss: 0.2277, acc: 0.9006, test_acc: 0.7405, f1: 0.6897
loss: 0.1494, acc: 0.9049, test_acc: 0.7358, f1: 0.6805
loss: 0.3254, acc: 0.9062, test_acc: 0.7373, f1: 0.6798
loss: 0.4171, acc: 0.9050, test_acc: 0.7326, f1: 0.6826
loss: 0.2320, acc: 0.9062, test_acc: 0.7310, f1: 0.6864
loss: 0.3376, acc: 0.9074, test_acc: 0.7373, f1: 0.6972
loss: 0.3671, acc: 0.9085, test_acc: 0.7326, f1: 0.6939
>>>>>>>>>>>>>>>>>>>>>>>>>>>>>>>>>>>>>>>>>>>>>>>>>>>>>>>>>>>>
epoch: 48
loss: 0.3336, acc: 0.9375, test_acc: 0.7215, f1: 0.6795
loss: 0.2564, acc: 0.9375, test_acc: 0.7358, f1: 0.6848
loss: 0.5414, acc: 0.9167, test_acc: 0.7421, f1: 0.6815
loss: 0.6131, acc: 0.8750, test_acc: 0.7405, f1: 0.6802
loss: 0.2024, acc: 0.9000, test_acc: 0.7437, f1: 0.6882
loss: 0.3334, acc: 0.9062, test_acc: 0.7421, f1: 0.6974
loss: 0.3620, acc: 0.9107, test_acc: 0.7421, f1: 0.7044
loss: 0.2330, acc: 0.9219, test_acc: 0.7437, f1: 0.7032
loss: 0.3680, acc: 0.9167, test_acc: 0.7389, f1: 0.6977
loss: 0.5758, acc: 0.9062, test_acc: 0.7389, f1: 0.6978
loss: 0.1938, acc: 0.9148, test_acc: 0.7516, f1: 0.7010
loss: 0.2415, acc: 0.9219, test_acc: 0.7516, f1: 0.6970
loss: 0.3034, acc: 0.9231, test_acc: 0.7500, f1: 0.6996
loss: 0.2649, acc: 0.9286, test_acc: 0.7358, f1: 0.6961
loss: 0.4759, acc: 0.9292, test_acc: 0.7405, f1: 0.7041
loss: 0.1923, acc: 0.9336, test_acc: 0.7294, f1: 0.6861
loss: 0.3096, acc: 0.9338, test_acc: 0.7263, f1: 0.6771
loss: 0.4369, acc: 0.9340, test_acc: 0.7405, f1: 0.6950
loss: 0.5103, acc: 0.9309, test_acc: 0.7437, f1: 0.7023
loss: 0.2848, acc: 0.9344, test_acc: 0.7468, f1: 0.7082
loss: 0.3266, acc: 0.9315, test_acc: 0.7453, f1: 0.7041
loss: 0.2253, acc: 0.9347, test_acc: 0.7437, f1: 0.7028
loss: 0.4030, acc: 0.9321, test_acc: 0.7389, f1: 0.6912
loss: 0.2696, acc: 0.9323, test_acc: 0.7421, f1: 0.6927
loss: 0.1730, acc: 0.9350, test_acc: 0.7310, f1: 0.6737
loss: 0.2072, acc: 0.9375, test_acc: 0.7199, f1: 0.6671
loss: 0.7366, acc: 0.9352, test_acc: 0.7199, f1: 0.6726
loss: 0.7139, acc: 0.9286, test_acc: 0.7263, f1: 0.6771
loss: 0.5740, acc: 0.9267, test_acc: 0.7421, f1: 0.6895
>>>>>>>>>>>>>>>>>>>>>>>>>>>>>>>>>>>>>>>>>>>>>>>>>>>>>>>>>>>>
epoch: 49
loss: 0.4437, acc: 0.8750, test_acc: 0.7389, f1: 0.6875
loss: 0.2262, acc: 0.9375, test_acc: 0.7373, f1: 0.6857
loss: 0.3680, acc: 0.9375, test_acc: 0.7326, f1: 0.6863
loss: 0.5293, acc: 0.9219, test_acc: 0.7358, f1: 0.6905
loss: 0.3268, acc: 0.9250, test_acc: 0.7326, f1: 0.6887
loss: 0.3439, acc: 0.9167, test_acc: 0.7278, f1: 0.6818
loss: 0.1769, acc: 0.9286, test_acc: 0.7263, f1: 0.6804
loss: 0.2496, acc: 0.9297, test_acc: 0.7326, f1: 0.6827
loss: 0.5595, acc: 0.9306, test_acc: 0.7247, f1: 0.6766
loss: 0.3765, acc: 0.9250, test_acc: 0.7199, f1: 0.6749
loss: 0.2608, acc: 0.9261, test_acc: 0.7215, f1: 0.6774
loss: 0.5224, acc: 0.9167, test_acc: 0.7247, f1: 0.6772
loss: 0.2535, acc: 0.9183, test_acc: 0.7247, f1: 0.6741
loss: 0.3345, acc: 0.9152, test_acc: 0.7294, f1: 0.6797
loss: 0.2491, acc: 0.9167, test_acc: 0.7294, f1: 0.6847
loss: 0.2120, acc: 0.9180, test_acc: 0.7184, f1: 0.6686
loss: 0.2920, acc: 0.9154, test_acc: 0.7104, f1: 0.6553
loss: 0.3143, acc: 0.9167, test_acc: 0.7152, f1: 0.6693
loss: 0.1885, acc: 0.9211, test_acc: 0.7215, f1: 0.6831
loss: 0.2845, acc: 0.9219, test_acc: 0.7231, f1: 0.6829
loss: 0.2872, acc: 0.9196, test_acc: 0.7278, f1: 0.6879
loss: 0.3419, acc: 0.9176, test_acc: 0.7263, f1: 0.6810
loss: 0.2870, acc: 0.9212, test_acc: 0.7278, f1: 0.6775
loss: 0.2123, acc: 0.9245, test_acc: 0.7199, f1: 0.6688
loss: 0.5357, acc: 0.9200, test_acc: 0.7199, f1: 0.6742
loss: 0.2047, acc: 0.9231, test_acc: 0.7199, f1: 0.6751
loss: 0.2977, acc: 0.9236, test_acc: 0.7136, f1: 0.6659
loss: 0.3290, acc: 0.9241, test_acc: 0.7184, f1: 0.6710
loss: 0.5214, acc: 0.9236, test_acc: 0.7263, f1: 0.6758
max_test_acc: 0.7610759493670886, max_f1: 0.7262520913880773
>> saved: ./DualGCN/state_dict/dualgcn_laptop_acc_0.7611_f1_0.7215
############################################################
max_test_acc_overall:0.7610759493670886
max_f1_overall:0.7262520913880773
Precision, Recall and F1-Score...
              precision    recall  f1-score   support

           0     0.8816    0.8398    0.8602       337
           1     0.5714    0.8438    0.6814       128
           2     0.7377    0.5389    0.6228       167

    accuracy                         0.7611       632
   macro avg     0.7303    0.7408    0.7215       632
weighted avg     0.7808    0.7611    0.7613       632

Confusion Matrix...
[[283  29  25]
 [ 13 108   7]
 [ 25  52  90]]
