Loading vocab...
token_vocab: 1149, post_vocab: 146, pos_vocab: 19, dep_vocab: 44, pol_vocab: 3
cuda memory allocated: 1838670848
n_trainable_params: 210453, n_nontrainable_params: 344700
training arguments:
>>> model_name: dualgcn
>>> dataset: mamssmall
>>> optimizer: <class 'torch.optim.adam.Adam'>
>>> initializer: <function xavier_uniform_ at 0x7f720a484940>
>>> learning_rate: 0.002
>>> l2reg: 0.0001
>>> num_epoch: 50
>>> batch_size: 16
>>> log_step: 5
>>> embed_dim: 300
>>> post_dim: 30
>>> pos_dim: 30
>>> hidden_dim: 50
>>> num_layers: 2
>>> polarities_dim: 3
>>> input_dropout: 0.7
>>> gcn_dropout: 0.1
>>> lower: True
>>> direct: False
>>> loop: True
>>> bidirect: True
>>> rnn_hidden: 50
>>> rnn_layers: 1
>>> rnn_dropout: 0.1
>>> attention_heads: 1
>>> max_length: 85
>>> device: cuda:0
>>> seed: 1000
>>> weight_decay: 0.0
>>> vocab_dir: ./DualGCN/dataset/MAMS_small
>>> pad_id: 0
>>> parseadj: True
>>> parsehead: False
>>> cuda: 0
>>> losstype: doubleloss
>>> alpha: 0.2
>>> beta: 0.3
>>> pretrained_bert_name: bert-base-uncased
>>> adam_epsilon: 1e-08
>>> bert_dim: 768
>>> bert_dropout: 0.3
>>> diff_lr: False
>>> bert_lr: 2e-05
>>> model_class: <class 'models.dualgcn.DualGCNClassifier'>
>>> dataset_file: {'train': './DualGCN/dataset/MAMS_small/train.json', 'test': './DualGCN/dataset/MAMS_small/test.json'}
>>> inputs_cols: ['text', 'aspect', 'pos', 'head', 'deprel', 'post', 'mask', 'length', 'adj']
>>> post_size: 146
>>> pos_size: 19
>>>>>>>>>>>>>>>>>>>>>>>>>>>>>>>>>>>>>>>>>>>>>>>>>>>>>>>>>>>>
epoch: 0
>> saved: ./DualGCN/state_dict/dualgcn_mamssmall_acc_0.3125_f1_0.1587
loss: nan, acc: 0.1875, test_acc: 0.3125, f1: 0.1587
loss: nan, acc: 0.2188, test_acc: 0.3125, f1: 0.1587
loss: nan, acc: 0.2917, test_acc: 0.3125, f1: 0.1587
loss: nan, acc: 0.2656, test_acc: 0.3125, f1: 0.1587
>>>>>>>>>>>>>>>>>>>>>>>>>>>>>>>>>>>>>>>>>>>>>>>>>>>>>>>>>>>>
epoch: 1
loss: nan, acc: 0.3125, test_acc: 0.3125, f1: 0.1587
loss: nan, acc: 0.2500, test_acc: 0.3125, f1: 0.1587
loss: nan, acc: 0.2500, test_acc: 0.3125, f1: 0.1587
loss: nan, acc: 0.2656, test_acc: 0.3125, f1: 0.1587
loss: nan, acc: 0.3125, test_acc: 0.3125, f1: 0.1587
>>>>>>>>>>>>>>>>>>>>>>>>>>>>>>>>>>>>>>>>>>>>>>>>>>>>>>>>>>>>
epoch: 2
loss: nan, acc: 0.3750, test_acc: 0.3125, f1: 0.1587
loss: nan, acc: 0.2812, test_acc: 0.3125, f1: 0.1587
loss: nan, acc: 0.3125, test_acc: 0.3125, f1: 0.1587
loss: nan, acc: 0.3281, test_acc: 0.3125, f1: 0.1587
loss: nan, acc: 0.3500, test_acc: 0.3125, f1: 0.1587
>>>>>>>>>>>>>>>>>>>>>>>>>>>>>>>>>>>>>>>>>>>>>>>>>>>>>>>>>>>>
epoch: 3
loss: nan, acc: 0.3125, test_acc: 0.3125, f1: 0.1587
loss: nan, acc: 0.2812, test_acc: 0.3125, f1: 0.1587
loss: nan, acc: 0.2708, test_acc: 0.3125, f1: 0.1587
loss: nan, acc: 0.3281, test_acc: 0.3125, f1: 0.1587
loss: nan, acc: 0.3875, test_acc: 0.3125, f1: 0.1587
>>>>>>>>>>>>>>>>>>>>>>>>>>>>>>>>>>>>>>>>>>>>>>>>>>>>>>>>>>>>
epoch: 4
loss: nan, acc: 0.2500, test_acc: 0.3125, f1: 0.1587
loss: nan, acc: 0.4688, test_acc: 0.3125, f1: 0.1587
loss: nan, acc: 0.3750, test_acc: 0.3125, f1: 0.1587
loss: nan, acc: 0.3906, test_acc: 0.3125, f1: 0.1587
loss: nan, acc: 0.4000, test_acc: 0.3125, f1: 0.1587
>>>>>>>>>>>>>>>>>>>>>>>>>>>>>>>>>>>>>>>>>>>>>>>>>>>>>>>>>>>>
epoch: 5
loss: nan, acc: 0.5000, test_acc: 0.3125, f1: 0.1587
loss: nan, acc: 0.3438, test_acc: 0.3125, f1: 0.1587
loss: nan, acc: 0.3542, test_acc: 0.3125, f1: 0.1587
loss: nan, acc: 0.3594, test_acc: 0.3125, f1: 0.1587
>>>>>>>>>>>>>>>>>>>>>>>>>>>>>>>>>>>>>>>>>>>>>>>>>>>>>>>>>>>>
epoch: 6
loss: nan, acc: 0.3125, test_acc: 0.3125, f1: 0.1587
loss: nan, acc: 0.3438, test_acc: 0.3125, f1: 0.1587
loss: nan, acc: 0.3542, test_acc: 0.3125, f1: 0.1587
loss: nan, acc: 0.3750, test_acc: 0.3125, f1: 0.1587
loss: nan, acc: 0.3750, test_acc: 0.3125, f1: 0.1587
>>>>>>>>>>>>>>>>>>>>>>>>>>>>>>>>>>>>>>>>>>>>>>>>>>>>>>>>>>>>
epoch: 7
loss: nan, acc: 0.3125, test_acc: 0.3125, f1: 0.1587
loss: nan, acc: 0.3750, test_acc: 0.3125, f1: 0.1587
loss: nan, acc: 0.3333, test_acc: 0.3125, f1: 0.1587
loss: nan, acc: 0.3594, test_acc: 0.3125, f1: 0.1587
loss: nan, acc: 0.3375, test_acc: 0.3125, f1: 0.1587
>>>>>>>>>>>>>>>>>>>>>>>>>>>>>>>>>>>>>>>>>>>>>>>>>>>>>>>>>>>>
epoch: 8
loss: nan, acc: 0.3125, test_acc: 0.3125, f1: 0.1587
loss: nan, acc: 0.2812, test_acc: 0.3125, f1: 0.1587
loss: nan, acc: 0.2708, test_acc: 0.3125, f1: 0.1587
loss: nan, acc: 0.2969, test_acc: 0.3125, f1: 0.1587
loss: nan, acc: 0.3250, test_acc: 0.3125, f1: 0.1587
>>>>>>>>>>>>>>>>>>>>>>>>>>>>>>>>>>>>>>>>>>>>>>>>>>>>>>>>>>>>
epoch: 9
loss: nan, acc: 0.3750, test_acc: 0.3125, f1: 0.1587
loss: nan, acc: 0.3125, test_acc: 0.3125, f1: 0.1587
loss: nan, acc: 0.3750, test_acc: 0.3125, f1: 0.1587
loss: nan, acc: 0.3750, test_acc: 0.3125, f1: 0.1587
loss: nan, acc: 0.3875, test_acc: 0.3125, f1: 0.1587
>>>>>>>>>>>>>>>>>>>>>>>>>>>>>>>>>>>>>>>>>>>>>>>>>>>>>>>>>>>>
epoch: 10
loss: nan, acc: 0.2500, test_acc: 0.3125, f1: 0.1587
loss: nan, acc: 0.2812, test_acc: 0.3125, f1: 0.1587
