Loading vocab...
token_vocab: 4460, post_vocab: 160, pos_vocab: 47, dep_vocab: 45, pol_vocab: 3
cuda memory allocated: 1842717696
n_trainable_params: 211713, n_nontrainable_params: 1356300
training arguments:
>>> model_name: dualgcn
>>> dataset: restaurant
>>> optimizer: <class 'torch.optim.adam.Adam'>
>>> initializer: <function xavier_uniform_ at 0x7f5ceda46940>
>>> learning_rate: 1e-05
>>> l2reg: 0.0001
>>> num_epoch: 50
>>> batch_size: 16
>>> log_step: 5
>>> embed_dim: 300
>>> post_dim: 30
>>> pos_dim: 30
>>> hidden_dim: 50
>>> num_layers: 2
>>> polarities_dim: 3
>>> input_dropout: 0.7
>>> gcn_dropout: 0.1
>>> lower: True
>>> direct: False
>>> loop: True
>>> bidirect: True
>>> rnn_hidden: 50
>>> rnn_layers: 1
>>> rnn_dropout: 0.1
>>> attention_heads: 1
>>> max_length: 85
>>> device: cuda:0
>>> seed: 1000
>>> weight_decay: 0.0
>>> vocab_dir: ./DualGCN/dataset/Restaurants_stanza
>>> pad_id: 0
>>> parseadj: True
>>> parsehead: False
>>> cuda: 0
>>> losstype: doubleloss
>>> alpha: 0.2
>>> beta: 0.3
>>> pretrained_bert_name: bert-base-uncased
>>> adam_epsilon: 1e-08
>>> bert_dim: 768
>>> bert_dropout: 0.3
>>> diff_lr: False
>>> bert_lr: 2e-05
>>> model_class: <class 'models.dualgcn.DualGCNClassifier'>
>>> dataset_file: {'train': './DualGCN/dataset/Restaurants_corenlp/train.json', 'test': './DualGCN/dataset/Restaurants_corenlp/test.json'}
>>> inputs_cols: ['text', 'aspect', 'pos', 'head', 'deprel', 'post', 'mask', 'length', 'adj']
>>> post_size: 160
>>> pos_size: 47
>>>>>>>>>>>>>>>>>>>>>>>>>>>>>>>>>>>>>>>>>>>>>>>>>>>>>>>>>>>>
epoch: 0
>> saved: ./DualGCN/state_dict/dualgcn_restaurant_acc_0.6497_f1_0.2625
loss: 1.3060, acc: 0.6250, test_acc: 0.6497, f1: 0.2625
loss: 1.4007, acc: 0.5312, test_acc: 0.6497, f1: 0.2625
loss: 1.3434, acc: 0.5417, test_acc: 0.6497, f1: 0.2625
